Sub-Graph Nerual Network Package used for intramolecular energy
2024-03-21-13_23_18 
Epoch=    0 learning rate   1.000000e-03  train error: 3062.85288 test error:   49.33253 
Epoch=    1 learning rate   1.000000e-03  train error:  652.09826 test error:   35.78126 
Epoch=    2 learning rate   1.000000e-03  train error:  511.47968 test error:   29.88770 
Epoch=    3 learning rate   1.000000e-03  train error:  436.40587 test error:   26.19178 
Epoch=    4 learning rate   1.000000e-03  train error:  386.29513 test error:   23.46817 
Epoch=    5 learning rate   1.000000e-03  train error:  351.11444 test error:   21.83076 
Epoch=    6 learning rate   1.000000e-03  train error:  325.79223 test error:   20.14903 
Epoch=    7 learning rate   1.000000e-03  train error:  304.18001 test error:   19.01108 
Epoch=    8 learning rate   1.000000e-03  train error:  287.47940 test error:   18.19180 
Epoch=    9 learning rate   1.000000e-03  train error:  273.13752 test error:   17.04124 
Epoch=   10 learning rate   1.000000e-03  train error:  259.85809 test error:   16.25436 
Epoch=   11 learning rate   1.000000e-03  train error:  247.37985 test error:   15.55229 
Epoch=   12 learning rate   1.000000e-03  train error:  238.30759 test error:   14.94235 
Epoch=   13 learning rate   1.000000e-03  train error:  227.33121 test error:   14.28481 
Epoch=   14 learning rate   1.000000e-03  train error:  218.21472 test error:   13.69097 
Epoch=   15 learning rate   1.000000e-03  train error:  210.72731 test error:   13.20387 
Epoch=   16 learning rate   1.000000e-03  train error:  202.17445 test error:   12.78774 
Epoch=   17 learning rate   1.000000e-03  train error:  194.51694 test error:   12.14240 
Epoch=   18 learning rate   1.000000e-03  train error:  186.10909 test error:   11.71559 
Epoch=   19 learning rate   1.000000e-03  train error:  179.14279 test error:   11.46820 
Epoch=   20 learning rate   1.000000e-03  train error:  174.13691 test error:   12.37338 
Epoch=   21 learning rate   1.000000e-03  train error:  167.66488 test error:   10.42777 
Epoch=   22 learning rate   1.000000e-03  train error:  161.02615 test error:   10.31150 
Epoch=   23 learning rate   1.000000e-03  train error:  156.83461 test error:    9.67778 
Epoch=   24 learning rate   1.000000e-03  train error:  151.24848 test error:    9.30464 
Epoch=   25 learning rate   1.000000e-03  train error:  144.94613 test error:   10.64274 
Epoch=   26 learning rate   1.000000e-03  train error:  142.31149 test error:    8.95254 
Epoch=   27 learning rate   1.000000e-03  train error:  136.18307 test error:    9.08082 
Epoch=   28 learning rate   1.000000e-03  train error:  135.67788 test error:    8.56905 
Epoch=   29 learning rate   1.000000e-03  train error:  129.87480 test error:    8.50019 
Epoch=   30 learning rate   1.000000e-03  train error:  126.86841 test error:    7.95485 
Epoch=   31 learning rate   1.000000e-03  train error:  122.92468 test error:    7.89896 
Epoch=   32 learning rate   1.000000e-03  train error:  118.04058 test error:    7.95826 
Epoch=   33 learning rate   1.000000e-03  train error:  115.08085 test error:    7.14380 
Epoch=   34 learning rate   1.000000e-03  train error:  110.81824 test error:    7.35440 
Epoch=   35 learning rate   1.000000e-03  train error:  108.19443 test error:    6.52423 
Epoch=   36 learning rate   1.000000e-03  train error:  105.62611 test error:    7.67227 
Epoch=   37 learning rate   1.000000e-03  train error:  102.12299 test error:    6.17893 
Epoch=   39 learning rate   1.000000e-03  train error:   95.52498 test error:    6.13997 
Epoch=   40 learning rate   1.000000e-03  train error:   93.69451 test error:    5.58798 
Epoch=   42 learning rate   1.000000e-03  train error:   92.11861 test error:    5.39298 
Epoch=   43 learning rate   1.000000e-03  train error:   88.44273 test error:    6.28573 
Epoch=   45 learning rate   1.000000e-03  train error:   85.51843 test error:    5.51456 
Epoch=   46 learning rate   1.000000e-03  train error:   84.60498 test error:    6.13154 
Epoch=   47 learning rate   1.000000e-03  train error:   82.42671 test error:    6.00360 
Epoch=   48 learning rate   1.000000e-03  train error:   81.67394 test error:    5.06271 
Epoch=   49 learning rate   1.000000e-03  train error:   79.11502 test error:    5.09161 
Epoch=   51 learning rate   1.000000e-03  train error:   75.67140 test error:    4.70767 
Epoch=   52 learning rate   1.000000e-03  train error:   74.63372 test error:    5.25864 
Epoch=   54 learning rate   1.000000e-03  train error:   70.92687 test error:    4.61324 
Epoch=   57 learning rate   1.000000e-03  train error:   68.67136 test error:    4.47120 
Epoch=   62 learning rate   1.000000e-03  train error:   64.10211 test error:    4.33966 
Epoch=   66 learning rate   1.000000e-03  train error:   63.64148 test error:    4.25909 
Epoch=   71 learning rate   1.000000e-03  train error:   61.83073 test error:    4.24329 
Epoch=   73 learning rate   1.000000e-03  train error:   61.45927 test error:    4.43782 
Epoch=   74 learning rate   1.000000e-03  train error:   60.94076 test error:    4.36002 
Epoch=   76 learning rate   1.000000e-03  train error:   59.97849 test error:    3.98585 
Epoch=   77 learning rate   1.000000e-03  train error:   58.62244 test error:    3.84284 
Epoch=   82 learning rate   1.000000e-03  train error:   58.55473 test error:    3.97459 
Epoch=   84 learning rate   1.000000e-03  train error:   57.27103 test error:    4.66702 
Epoch=   85 learning rate   1.000000e-03  train error:   56.62318 test error:    3.84525 
Epoch=   87 learning rate   1.000000e-03  train error:   56.02543 test error:    3.71778 
Epoch=   90 learning rate   1.000000e-03  train error:   55.40188 test error:    4.16917 
Epoch=   95 learning rate   1.000000e-03  train error:   55.07594 test error:    3.75780 
Epoch=   96 learning rate   1.000000e-03  train error:   54.95546 test error:    3.81418 
Epoch=  101 learning rate   1.000000e-03  train error:   53.82545 test error:    3.67153 
Epoch=  104 learning rate   1.000000e-03  train error:   53.61690 test error:    3.94290 
Epoch=  105 learning rate   1.000000e-03  train error:   53.59922 test error:    3.96406 
Epoch=  108 learning rate   1.000000e-03  train error:   52.35412 test error:    3.67168 
Epoch=  112 learning rate   1.000000e-03  train error:   51.60627 test error:    4.05553 
Epoch=  121 learning rate   1.000000e-03  train error:   51.50381 test error:    3.73929 
Epoch=  123 learning rate   1.000000e-03  train error:   50.06921 test error:    3.50482 
Epoch=  134 learning rate   1.000000e-03  train error:   49.21750 test error:    3.53576 
Epoch=  144 learning rate   1.000000e-03  train error:   47.79929 test error:    3.89377 
Epoch=  158 learning rate   1.000000e-03  train error:   46.92776 test error:    3.50662 
Epoch=  167 learning rate   1.000000e-03  train error:   46.83202 test error:    3.54075 
