./mom2xml_direct.py reform.mom *.axes > 1_mom_openmm.xml
Batch  1:  2000 points

Sites
C01           4.370369   -0.195265    1.112160
*** Warning: type C2 was not defined

H02           3.791471   -1.760166    2.363575
*** Warning: type H2 was not defined

H03           5.873533    0.910111    2.052412
O04           5.218875   -1.117811   -1.293669
*** Warning: type O2 was not defined

H05           6.449011   -2.433589   -0.995829
*** Warning: type H3 was not defined

C06          -2.119649    1.509381   -0.658947
*** Warning: type C1 was not defined

H07          -2.566172    2.854715    0.882445
*** Warning: type H1 was not defined

H08          -1.707330    2.601586   -2.398440
O09           0.000000   -0.011244    0.000000
*** Warning: type O1 was not defined

C10           2.119649    1.509381    0.658947
H11           1.707330    2.601586    2.398440
H12           2.566172    2.854715   -0.882445
C13          -4.370369   -0.195265   -1.112160
H14          -5.873514    0.910111   -2.052412
H15          -3.791471   -1.760166   -2.363575
O16          -5.218875   -1.117811    1.293669
H17          -6.449011   -2.433589    0.995829

Polarizability parameters
                  Sites       Components  Coefficient
  1  C01_1_iso_A
                C13     C13     10   10      1.000
                C13     C13     11c  11c     1.000
                C13     C13     11s  11s     1.000
                C01     C01     11s  11s     1.000
                C01     C01     11c  11c     1.000
                C01     C01     10   10      1.000
  2  C01_2_iso_A
                C13     C13     20   20      1.000
                C13     C13     21c  21c     1.000
                C13     C13     21s  21s     1.000
                C13     C13     22c  22c     1.000
                C13     C13     22s  22s     1.000
                C01     C01     22s  22s     1.000
                C01     C01     22c  22c     1.000
                C01     C01     21s  21s     1.000
                C01     C01     21c  21c     1.000
                C01     C01     20   20      1.000
  3  H02_1_iso_A
                H15     H15     10   10      1.000
                H15     H15     11c  11c     1.000
                H15     H15     11s  11s     1.000
                H14     H14     10   10      1.000
                H14     H14     11c  11c     1.000
                H14     H14     11s  11s     1.000
                H03     H03     10   10      1.000
                H03     H03     11c  11c     1.000
                H03     H03     11s  11s     1.000
                H02     H02     11s  11s     1.000
                H02     H02     11c  11c     1.000
                H02     H02     10   10      1.000
  4  H02_2_iso_A
                H15     H15     20   20      1.000
                H15     H15     21c  21c     1.000
                H15     H15     21s  21s     1.000
                H15     H15     22c  22c     1.000
                H15     H15     22s  22s     1.000
                H14     H14     20   20      1.000
                H14     H14     21c  21c     1.000
                H14     H14     21s  21s     1.000
                H14     H14     22c  22c     1.000
                H14     H14     22s  22s     1.000
                H03     H03     20   20      1.000
                H03     H03     21c  21c     1.000
                H03     H03     21s  21s     1.000
                H03     H03     22c  22c     1.000
                H03     H03     22s  22s     1.000
                H02     H02     22s  22s     1.000
                H02     H02     22c  22c     1.000
                H02     H02     21s  21s     1.000
                H02     H02     21c  21c     1.000
                H02     H02     20   20      1.000
  5  O04_1_iso_A
                O16     O16     10   10      1.000
                O16     O16     11c  11c     1.000
                O16     O16     11s  11s     1.000
                O04     O04     11s  11s     1.000
                O04     O04     11c  11c     1.000
                O04     O04     10   10      1.000
  6  O04_2_iso_A
                O16     O16     20   20      1.000
                O16     O16     21c  21c     1.000
                O16     O16     21s  21s     1.000
                O16     O16     22c  22c     1.000
                O16     O16     22s  22s     1.000
                O04     O04     22s  22s     1.000
                O04     O04     22c  22c     1.000
                O04     O04     21s  21s     1.000
                O04     O04     21c  21c     1.000
                O04     O04     20   20      1.000
  7  H05_1_iso_A
                H17     H17     10   10      1.000
                H17     H17     11c  11c     1.000
                H17     H17     11s  11s     1.000
                H05     H05     11s  11s     1.000
                H05     H05     11c  11c     1.000
                H05     H05     10   10      1.000
  8  H05_2_iso_A
                H17     H17     20   20      1.000
                H17     H17     21c  21c     1.000
                H17     H17     21s  21s     1.000
                H17     H17     22c  22c     1.000
                H17     H17     22s  22s     1.000
                H05     H05     22s  22s     1.000
                H05     H05     22c  22c     1.000
                H05     H05     21s  21s     1.000
                H05     H05     21c  21c     1.000
                H05     H05     20   20      1.000
  9  C06_1_iso_A
                C10     C10     10   10      1.000
                C10     C10     11c  11c     1.000
                C10     C10     11s  11s     1.000
                C06     C06     11s  11s     1.000
                C06     C06     11c  11c     1.000
                C06     C06     10   10      1.000
 10  C06_2_iso_A
                C10     C10     20   20      1.000
                C10     C10     21c  21c     1.000
                C10     C10     21s  21s     1.000
                C10     C10     22c  22c     1.000
                C10     C10     22s  22s     1.000
                C06     C06     22s  22s     1.000
                C06     C06     22c  22c     1.000
                C06     C06     21s  21s     1.000
                C06     C06     21c  21c     1.000
                C06     C06     20   20      1.000
 11  H07_1_iso_A
                H12     H12     10   10      1.000
                H12     H12     11c  11c     1.000
                H12     H12     11s  11s     1.000
                H11     H11     10   10      1.000
                H11     H11     11c  11c     1.000
                H11     H11     11s  11s     1.000
                H08     H08     10   10      1.000
                H08     H08     11c  11c     1.000
                H08     H08     11s  11s     1.000
                H07     H07     11s  11s     1.000
                H07     H07     11c  11c     1.000
                H07     H07     10   10      1.000
 12  H07_2_iso_A
                H12     H12     20   20      1.000
                H12     H12     21c  21c     1.000
                H12     H12     21s  21s     1.000
                H12     H12     22c  22c     1.000
                H12     H12     22s  22s     1.000
                H11     H11     20   20      1.000
                H11     H11     21c  21c     1.000
                H11     H11     21s  21s     1.000
                H11     H11     22c  22c     1.000
                H11     H11     22s  22s     1.000
                H08     H08     20   20      1.000
                H08     H08     21c  21c     1.000
                H08     H08     21s  21s     1.000
                H08     H08     22c  22c     1.000
                H08     H08     22s  22s     1.000
                H07     H07     22s  22s     1.000
                H07     H07     22c  22c     1.000
                H07     H07     21s  21s     1.000
                H07     H07     21c  21c     1.000
                H07     H07     20   20      1.000
 13  O09_1_iso_A
                O09     O09     11s  11s     1.000
                O09     O09     11c  11c     1.000
                O09     O09     10   10      1.000
 14  O09_2_iso_A
                O09     O09     22s  22s     1.000
                O09     O09     22c  22c     1.000
                O09     O09     21s  21s     1.000
                O09     O09     21c  21c     1.000
                O09     O09     20   20      1.000
Reading penalties


Static polarizabilities

Response values:
Maximum          0.0276130714
Minimum         -0.0096434793
Range            0.0372565506
Min. magnitude   0.0000000010

Parameter values: 
  1            8.05657964     C01_1_iso_A
  2           39.26259448     C01_2_iso_A
  3            2.03626831     H02_1_iso_A
  4            5.33390945     H02_2_iso_A
  5            6.08090150     O04_1_iso_A
  6           23.26133976     O04_2_iso_A
  7            1.34181705     H05_1_iso_A
  8            2.20595959     H05_2_iso_A
  9            6.76798499     C06_1_iso_A
 10           34.87811352     C06_2_iso_A
 11            2.62906030     H07_1_iso_A
 12            6.09760070     H07_2_iso_A
 13            3.63039288     O09_1_iso_A
 14           22.09275565     O09_2_iso_A
Residuals               per cent of range
Maximum      0.00485617      13.034
Minimum     -0.00290324      -7.793
R.m.s.       0.00025247       0.678
Sum of squared residuals =         0.12755

Parameter                Fitted      Anchor    Difference   Penalty
C01_1_iso_A              8.05658     7.16679     0.88979    1.51200E-05
C01_2_iso_A             39.26259    52.28674   -13.02415    6.20236E-05
H02_1_iso_A              2.03627     2.25179    -0.21552    7.65174E-06
H02_2_iso_A              5.33391     5.39771    -0.06380    1.35061E-07
O04_1_iso_A              6.08090     6.24827    -0.16737    6.99613E-07
O04_2_iso_A             23.26134    26.96313    -3.70179    1.88229E-05
H05_1_iso_A              1.34182     1.32262     0.01920    1.34099E-07
H05_2_iso_A              2.20596     2.20643    -0.00047    3.71020E-11
C06_1_iso_A              6.76798     7.22917    -0.46118    3.99334E-06
C06_2_iso_A             34.87811    52.88280   -18.00468    1.15874E-04
H07_1_iso_A              2.62906     2.22121     0.40785    2.80325E-05
H07_2_iso_A              6.09760     6.30996    -0.21236    1.10487E-06
O09_1_iso_A              3.63039     6.39604    -2.76564    1.82508E-04
O09_2_iso_A             22.09276    26.53305    -4.44029    2.79661E-05

Sum of penalties =     4.64066E-04
Writing ASCII file occocco_ref_wt3_L2iso_000.pol
Done

Total molecular polarizability
      00          z           x           y           20          21c         21s         22c         22s
     0.00000     0.00000     0.00000     0.00000     0.00000     0.00000     0.00000     0.00000     0.00000
     0.00000    66.78627     0.00000     0.00000    -0.00000     0.00007    38.70496     0.00000     0.00000
     0.00000     0.00000    66.78627     0.00000    -0.00004     0.00000     0.00000     0.00007    38.70496
     0.00000     0.00000     0.00000    66.78627   -22.34632     0.00000     0.00000   -38.70496     0.00007
     0.00000    -0.00000    -0.00004   -22.34632  1976.72183   161.24420     0.00000 -1564.83566    -0.00012
     0.00000     0.00007     0.00000     0.00000   161.24420  3817.53930     0.00011   279.28315     0.00000
     0.00000    38.70496     0.00000     0.00000    -0.00000     0.00011  1107.16444    -0.00000   279.28315
     0.00000     0.00000     0.00007   -38.70496 -1564.83566   279.28315     0.00000  3919.24197     0.00000
     0.00000     0.00000    38.70496     0.00007    -0.00012    -0.00000   279.28315    -0.00000  3919.24197
Mean polarizability       =  66.78627
Polarizability anisotropy =   0.00000
Finished
