Time[ps]      Etot[eV]     Epot[eV]     Ekin[eV]    T[K]      ---------------------- stress [GPa] -----------------------
0.0000         -2109.65     -2170.16        60.51   292.6      0.044     -0.030      0.599     -0.004      0.008      0.004
0.1000         -2108.16     -2167.57        59.41   287.2      0.257     -0.081     -0.130     -0.002     -0.001      0.004
0.2000         -2107.06     -2165.15        58.09   280.9      0.447     -0.126      0.341     -0.004     -0.005      0.005
0.3000         -2106.46     -2166.96        60.50   292.5      0.062      0.231      0.076     -0.009     -0.021      0.001
0.4000         -2105.91     -2169.54        63.63   307.7     -0.009     -0.055      0.453      0.001     -0.005     -0.001
0.5000         -2105.91     -2167.22        61.31   296.4      0.119      0.127      0.078      0.004      0.000     -0.003
0.6000         -2105.38     -2166.64        61.26   296.2      0.127      0.006     -0.258      0.007     -0.003     -0.002
0.7000         -2105.17     -2164.91        59.74   288.8     -0.109     -0.288     -0.015      0.005      0.026      0.009
0.8000         -2105.11     -2167.39        62.28   301.1      0.210      0.220     -0.409      0.006     -0.001      0.020
0.9000         -2104.80     -2166.55        61.74   298.5      0.116      0.143     -0.454     -0.012     -0.009      0.018
1.0000         -2104.40     -2166.55        62.14   300.5     -0.227      0.145     -0.176     -0.008     -0.003      0.007
1.1000         -2104.89     -2166.95        62.06   300.1      0.079      0.183      0.054     -0.007      0.014      0.013
1.2000         -2104.65     -2168.08        63.44   306.7     -0.078     -0.070      0.127      0.012     -0.003      0.005
1.3000         -2104.80     -2167.13        62.34   301.4      0.094      0.308      0.041      0.002     -0.020      0.012
1.4000         -2104.83     -2165.69        60.87   294.3      0.153     -0.175     -0.103      0.015     -0.015     -0.001
1.5000         -2105.23     -2166.51        61.27   296.3      0.042     -0.096     -0.068      0.021      0.008     -0.003
1.6000         -2105.00     -2165.36        60.36   291.8     -0.245     -0.053     -0.135     -0.003      0.008     -0.004
1.7000         -2105.10     -2165.64        60.53   292.7      0.052     -0.202     -0.200     -0.003      0.015     -0.009
1.8000         -2105.18     -2166.99        61.81   298.9     -0.039     -0.020     -0.461      0.010     -0.011     -0.004
1.9000         -2105.51     -2167.54        62.03   299.9     -0.272     -0.261      0.022     -0.007     -0.001      0.001
2.0000         -2105.72     -2167.36        61.64   298.1     -0.155      0.389     -0.068     -0.008      0.014      0.010
2.1000         -2105.71     -2169.13        63.42   306.7     -0.274      0.048      0.169      0.004     -0.004      0.010
2.2000         -2106.04     -2167.78        61.74   298.5     -0.118     -0.046      0.165      0.025     -0.003      0.005
2.3000         -2105.89     -2168.08        62.19   300.7      0.256     -0.155     -0.155      0.006      0.017     -0.001
2.4000         -2105.69     -2167.16        61.47   297.2      0.071      0.087     -0.008      0.003      0.003      0.003
2.5000         -2105.79     -2168.77        62.98   304.5     -0.064     -0.121      0.126     -0.004     -0.007     -0.005
2.6000         -2105.63     -2166.44        60.81   294.0      0.251     -0.252     -0.133     -0.014      0.003      0.007
2.7000         -2105.77     -2168.81        63.04   304.8     -0.006     -0.045      0.567     -0.014      0.016      0.024
2.8000         -2106.21     -2168.22        62.01   299.8     -0.070      0.531      0.011     -0.014      0.009     -0.010
2.9000         -2105.95     -2167.31        61.36   296.7     -0.258     -0.161      0.347      0.002      0.024     -0.008
3.0000         -2105.62     -2168.19        62.57   302.5      0.122      0.280     -0.147      0.005     -0.006     -0.004
3.1000         -2105.21     -2167.57        62.36   301.5      0.164      0.163      0.197      0.008      0.000     -0.005
3.2000         -2105.07     -2166.45        61.38   296.8     -0.335     -0.159      0.183      0.005     -0.012     -0.005
3.3000         -2105.05     -2165.77        60.72   293.6      0.393     -0.031      0.079     -0.006     -0.002     -0.001
3.4000         -2105.51     -2167.97        62.46   302.0      0.017     -0.112      0.352      0.012      0.018     -0.013
3.5000         -2105.39     -2167.42        62.04   300.0      0.056     -0.248     -0.115     -0.012     -0.003     -0.018
3.6000         -2105.76     -2168.39        62.64   302.9      0.099      0.018     -0.231     -0.011     -0.001      0.003
3.7000         -2105.94     -2168.15        62.22   300.8      0.126      0.182     -0.341     -0.009     -0.007      0.001
3.8000         -2105.87     -2166.73        60.85   294.2     -0.069      0.333     -0.149     -0.008     -0.003     -0.012
3.9000         -2105.50     -2167.64        62.14   300.5     -0.244     -0.065      0.308     -0.010     -0.002     -0.004
4.0000         -2105.46     -2166.90        61.44   297.1     -0.042      0.097     -0.105     -0.006      0.010     -0.014
4.1000         -2105.23     -2166.42        61.19   295.9      0.077      0.003      0.140      0.001     -0.002     -0.007
4.2000         -2105.26     -2166.55        61.29   296.4     -0.331      0.066     -0.038     -0.016     -0.009     -0.003
4.3000         -2105.26     -2166.57        61.31   296.4      0.121      0.335     -0.414     -0.020     -0.003      0.007
4.4000         -2105.48     -2165.77        60.29   291.5     -0.066      0.205     -0.250     -0.010     -0.017     -0.013
4.5000         -2105.70     -2167.81        62.11   300.3      0.536     -0.162     -0.108      0.013      0.009      0.007
4.6000         -2106.03     -2168.17        62.14   300.5      0.177     -0.142      0.076     -0.022      0.001      0.002
4.7000         -2105.91     -2169.02        63.11   305.2      0.272      0.143      0.148      0.010      0.002      0.018
4.8000         -2106.05     -2167.83        61.78   298.7      0.239      0.190     -0.209      0.019     -0.018      0.018
4.9000         -2106.00     -2167.23        61.23   296.1     -0.379      0.615     -0.042     -0.003      0.002      0.016
5.0000         -2105.96     -2166.26        60.30   291.5     -0.103      0.252     -0.239     -0.005      0.022      0.018
5.1000         -2106.04     -2168.44        62.40   301.7     -0.168      0.129      0.029     -0.012      0.001      0.024
5.2000         -2106.02     -2167.83        61.81   298.9      0.152      0.243     -0.058     -0.005     -0.010     -0.002
5.3000         -2106.24     -2167.50        61.26   296.2     -0.104      0.103     -0.214     -0.007     -0.013     -0.001
5.4000         -2106.37     -2167.53        61.16   295.7     -0.009      0.061      0.021      0.003     -0.026      0.005
5.5000         -2106.03     -2166.43        60.39   292.0     -0.399      0.058      0.305      0.000      0.001      0.012
5.6000         -2105.96     -2167.13        61.16   295.7     -0.249     -0.344      0.305     -0.006      0.001      0.002
5.7000         -2105.70     -2166.83        61.13   295.6      0.085      0.421     -0.083      0.011     -0.002      0.003
5.8000         -2105.71     -2167.44        61.73   298.5     -0.388     -0.024      0.177      0.005     -0.003     -0.007
5.9000         -2105.73     -2166.42        60.68   293.4     -0.056     -0.165      0.229     -0.007      0.005     -0.003
6.0000         -2105.62     -2166.12        60.49   292.5     -0.102     -0.045     -0.180      0.014      0.009      0.000
6.1000         -2105.56     -2168.29        62.73   303.3     -0.011     -0.206      0.229     -0.004     -0.001      0.005
6.2000         -2105.68     -2168.05        62.37   301.6      0.200      0.134     -0.065     -0.006     -0.006     -0.003
6.3000         -2105.99     -2168.51        62.51   302.3     -0.398     -0.062      0.027     -0.015      0.003      0.007
6.4000         -2105.87     -2166.25        60.38   291.9      0.217     -0.012     -0.104     -0.001     -0.016     -0.007
6.5000         -2105.47     -2167.04        61.57   297.7     -0.095     -0.285      0.278     -0.016     -0.020     -0.009
6.6000         -2106.09     -2167.12        61.02   295.1      0.533     -0.327     -0.057     -0.015      0.012     -0.000
6.7000         -2106.02     -2169.26        63.24   305.8      0.244     -0.037      0.123     -0.014      0.005     -0.007
6.8000         -2106.43     -2168.23        61.80   298.8     -0.044      0.124      0.015     -0.023      0.004      0.007
6.9000         -2106.63     -2168.26        61.62   298.0      0.025      0.189     -0.016      0.002      0.009      0.001
7.0000         -2107.33     -2168.75        61.42   297.0      0.239     -0.112     -0.095      0.002     -0.010     -0.002
7.1000         -2106.75     -2166.30        59.55   287.9     -0.239      0.332     -0.194     -0.001     -0.005     -0.001
7.2000         -2106.45     -2168.41        61.97   299.6     -0.610      0.331      0.037      0.004     -0.004     -0.005
7.3000         -2107.03     -2169.38        62.35   301.5      0.199      0.139     -0.261      0.006      0.005     -0.011
7.4000         -2106.81     -2167.30        60.48   292.5      0.073     -0.034      0.178     -0.000      0.010      0.009
7.5000         -2106.53     -2167.82        61.29   296.4      0.035     -0.011      0.250      0.002     -0.007     -0.012
7.6000         -2106.79     -2168.32        61.53   297.5     -0.160      0.068     -0.175     -0.004      0.003     -0.017
7.7000         -2106.87     -2168.05        61.19   295.9     -0.249      0.408     -0.152      0.005     -0.002     -0.006
7.8000         -2106.82     -2169.14        62.33   301.4      0.067     -0.046     -0.140     -0.006     -0.003      0.003
7.9000         -2107.06     -2169.05        61.98   299.7      0.114     -0.319      0.307      0.001     -0.003     -0.017
8.0000         -2107.04     -2168.36        61.32   296.5      0.029     -0.227      0.230      0.000     -0.008      0.010
8.1000         -2107.64     -2170.02        62.38   301.6      0.309     -0.131     -0.216     -0.009     -0.009     -0.022
8.2000         -2107.00     -2168.26        61.26   296.2     -0.199      0.106     -0.120     -0.014     -0.010     -0.015
8.3000         -2107.49     -2169.39        61.90   299.3      0.182     -0.074      0.192     -0.010      0.020     -0.020
8.4000         -2107.48     -2168.98        61.50   297.3      0.049      0.306     -0.101      0.014      0.012     -0.007
8.5000         -2107.48     -2168.80        61.32   296.5     -0.199      0.318     -0.307     -0.003      0.013     -0.013
8.6000         -2107.20     -2168.66        61.46   297.2      0.062      0.516     -0.284      0.014     -0.001      0.012
8.7000         -2106.56     -2167.61        61.05   295.2      0.203     -0.247      0.093      0.009     -0.002      0.007
8.8000         -2106.36     -2167.32        60.96   294.8     -0.010      0.136      0.184     -0.005      0.024     -0.004
8.9000         -2105.97     -2167.18        61.21   296.0      0.037      0.006      0.296      0.012     -0.005      0.010
9.0000         -2106.28     -2167.79        61.51   297.4      0.121      0.090     -0.399      0.007      0.016     -0.004
9.1000         -2106.29     -2168.55        62.25   301.0      0.409      0.030     -0.106      0.005     -0.003      0.013
9.2000         -2106.22     -2166.74        60.52   292.6     -0.393      0.124     -0.053     -0.012      0.003     -0.007
9.3000         -2106.27     -2169.57        63.30   306.1      0.045     -0.041     -0.212     -0.022      0.005      0.007
9.4000         -2106.72     -2168.35        61.64   298.0      0.008     -0.345      0.083      0.005      0.005      0.009
9.5000         -2106.74     -2168.07        61.33   296.5      0.237      0.166     -0.243     -0.000      0.014      0.018
9.6000         -2106.99     -2168.86        61.87   299.2     -0.372      0.077      0.047      0.005     -0.003      0.019
9.7000         -2107.01     -2167.70        60.69   293.4     -0.119     -0.224     -0.184      0.005     -0.002     -0.000
9.8000         -2106.88     -2167.50        60.62   293.1     -0.118     -0.292      0.028     -0.007      0.007     -0.006
9.9000         -2106.31     -2167.44        61.13   295.6      0.154     -0.003     -0.144     -0.005     -0.006     -0.013
10.0000        -2106.59     -2169.47        62.88   304.0      0.103     -0.125      0.066      0.018      0.008     -0.001
10.1000        -2106.60     -2168.10        61.49   297.3      0.326     -0.188      0.333      0.001      0.007     -0.012
10.2000        -2106.96     -2167.19        60.24   291.3      0.173     -0.246      0.009     -0.002     -0.004      0.014
10.3000        -2107.05     -2167.62        60.58   292.9     -0.473      0.472      0.130     -0.003      0.010      0.017
10.4000        -2106.68     -2166.58        59.91   289.7      0.110      0.063      0.088     -0.002      0.004     -0.003
10.5000        -2106.70     -2168.97        62.26   301.0     -0.066     -0.054     -0.004     -0.002     -0.007     -0.013
10.6000        -2106.63     -2168.48        61.84   299.0      0.096     -0.076      0.314      0.005     -0.010     -0.000
10.7000        -2106.67     -2169.26        62.59   302.6     -0.230      0.009     -0.344     -0.016     -0.006     -0.007
10.8000        -2106.35     -2167.51        61.16   295.7     -0.264      0.384      0.126      0.017      0.001      0.021
10.9000        -2106.40     -2167.69        61.29   296.4      0.265      0.139     -0.252     -0.007     -0.004     -0.012
11.0000        -2106.10     -2168.41        62.30   301.3      0.107      0.226     -0.079      0.018      0.006     -0.013
11.1000        -2106.32     -2168.65        62.33   301.4     -0.011      0.214      0.047      0.003      0.008     -0.000
11.2000        -2106.44     -2168.29        61.85   299.0     -0.419      0.165      0.135      0.001     -0.004     -0.002
11.3000        -2106.55     -2167.29        60.74   293.7     -0.135      0.150      0.154      0.006     -0.010      0.002
11.4000        -2106.05     -2167.08        61.04   295.1      0.182      0.032      0.117      0.012     -0.006      0.001
11.5000        -2106.04     -2166.21        60.17   290.9      0.173      0.125     -0.268     -0.008     -0.003     -0.005
11.6000        -2106.09     -2168.62        62.52   302.3      0.116      0.534      0.017     -0.006     -0.013     -0.002
11.7000        -2106.28     -2167.53        61.25   296.1     -0.367     -0.003      0.371     -0.002     -0.008     -0.020
11.8000        -2105.96     -2166.34        60.38   292.0     -0.255      0.199      0.261     -0.023      0.004      0.008
11.9000        -2105.78     -2167.49        61.71   298.4     -0.004      0.054     -0.166      0.012     -0.017      0.012
12.0000        -2106.15     -2168.29        62.14   300.5     -0.051     -0.068      0.082     -0.009     -0.006      0.013
12.1000        -2106.14     -2168.17        62.03   299.9      0.433     -0.031     -0.240     -0.020     -0.004      0.005
12.2000        -2106.50     -2167.54        61.04   295.1      0.224     -0.120     -0.128     -0.006     -0.002      0.003
12.3000        -2106.75     -2169.01        62.26   301.0      0.207      0.103     -0.003     -0.012     -0.017     -0.013
12.4000        -2106.33     -2167.92        61.59   297.8     -0.285      0.009     -0.442      0.013     -0.006      0.015
12.5000        -2106.39     -2169.85        63.46   306.8     -0.028     -0.347     -0.068     -0.005      0.001      0.011
12.6000        -2106.10     -2167.26        61.16   295.7     -0.009     -0.070     -0.178      0.002     -0.015     -0.014
12.7000        -2105.88     -2165.73        59.85   289.4     -0.109      0.045     -0.125     -0.012      0.014      0.005
12.8000        -2106.01     -2167.09        61.08   295.3     -0.071      0.324     -0.053     -0.013      0.007      0.011
12.9000        -2106.19     -2169.73        63.53   307.2      0.276      0.120     -0.180     -0.001      0.010      0.001
13.0000        -2106.26     -2167.91        61.64   298.1      0.098     -0.359      0.033     -0.007     -0.006     -0.014
13.1000        -2105.93     -2167.13        61.20   295.9     -0.038      0.084     -0.157     -0.016     -0.007     -0.011
13.2000        -2105.92     -2168.69        62.76   303.5     -0.187     -0.043      0.077     -0.007      0.005     -0.009
13.3000        -2106.56     -2168.91        62.35   301.5     -0.190      0.008      0.369     -0.011      0.006     -0.019
13.4000        -2106.29     -2166.24        59.94   289.8     -0.252     -0.143      0.110      0.006     -0.007      0.017
13.5000        -2106.31     -2168.17        61.87   299.1      0.041      0.212      0.173      0.005     -0.011     -0.007
13.6000        -2106.92     -2166.55        59.63   288.3     -0.178      0.080     -0.065      0.004      0.027     -0.007
13.7000        -2106.44     -2168.23        61.79   298.8      0.215     -0.265      0.230      0.007     -0.006     -0.000
13.8000        -2106.18     -2168.78        62.60   302.7     -0.123      0.426      0.150      0.004     -0.005     -0.000
13.9000        -2106.35     -2167.42        61.07   295.3      0.563      0.148     -0.230      0.011      0.002      0.002
14.0000        -2106.12     -2167.41        61.29   296.3     -0.066      0.174      0.148     -0.021     -0.006      0.016
14.1000        -2106.40     -2168.64        62.24   300.9      0.227     -0.126      0.057      0.004     -0.000     -0.005
14.2000        -2106.33     -2166.71        60.38   292.0     -0.163      0.163      0.375      0.002     -0.012     -0.004
14.3000        -2106.62     -2167.47        60.85   294.2      0.153      0.271     -0.095     -0.012      0.005      0.000
14.4000        -2106.88     -2169.70        62.82   303.7      0.237     -0.113      0.010      0.015     -0.023      0.004
14.5000        -2107.10     -2168.84        61.74   298.5      0.052     -0.009      0.169      0.014      0.012     -0.000
