#"Step","Potential Energy (kJ/mole)","Temperature (K)"
5000,105.19449395802161,291.94838941982897
10000,119.21909052044629,343.73458009179404
15000,83.70925398875079,255.86435197001822
20000,154.04221147330225,415.11496361457955
25000,75.82786241220072,328.7603754906995
30000,123.91927609379513,288.03157491290267
35000,94.5262209837444,302.15309944680297
40000,114.74396024121648,337.8019576486991
45000,115.19844599977182,267.8440395183368
50000,117.83914493893855,367.1118740330515
55000,97.63832555099702,273.8472398118221
60000,102.66725618377069,268.96869452127567
65000,129.17209171774698,266.5494891382017
70000,119.14303401512842,330.9589064477346
75000,105.50221725976024,385.24611547169394
80000,129.2680737974065,214.69965099776599
85000,117.60581177686964,350.13517560687177
90000,122.4003150622051,300.44043931195915
95000,101.04081599378833,393.5958131594371
100000,128.81485888642862,250.61859289854183
105000,114.09082966905106,289.0966013424091
110000,112.273990623602,304.219053148688
115000,98.88461010680118,276.18501513989463
120000,108.17504944168013,301.19385253638603
125000,116.00194891782144,342.5445280060236
130000,121.83206203880047,333.19616151066793
135000,123.23965923850903,310.9948344782575
140000,105.39072019217747,296.5856285878119
145000,100.35559301032225,228.10416377583968
150000,108.7659955784572,291.21552575880446
155000,103.7287444826087,333.7970308446284
160000,85.52515245040689,260.86684774325954
165000,117.11120835712882,288.96703605926564
170000,97.32109153656086,304.000554501298
175000,127.36548906990441,364.1815004737609
180000,116.1172824004833,274.01966721676683
185000,93.93502192790766,200.7382139921993
190000,154.66576392907768,311.8744669230071
195000,107.19165147790869,312.4063601435182
200000,88.30690734377663,307.9813374924964
205000,136.74358652374872,310.32813092627265
210000,105.49238538604885,446.98158503015475
215000,73.22625005380962,334.832692624274
220000,100.4850637693113,280.8224032088092
225000,67.79736964407113,237.5019945805164
230000,116.64757604565386,288.48268399645144
235000,82.17088880939548,336.20558190225114
240000,119.33328615855112,234.70310520758974
245000,101.4129152463064,221.40180520733918
250000,109.24954964697753,283.7831156660639
255000,111.3259579539814,378.1432222254604
260000,124.72024581741857,330.5699753490832
265000,90.17009267600463,285.15586140551954
270000,104.36158440296589,321.63323855206846
275000,99.13860002509716,320.4297975645126
280000,114.92851455511294,318.5792067789379
285000,102.09397078440651,397.9048267730595
290000,141.79220163067464,262.65518433836263
295000,87.5742199259223,274.3778071549839
300000,96.47761985260036,291.0147328731846
305000,86.81184780111857,277.1551738854202
310000,93.70337539170066,319.1332475395142
315000,97.58466197613495,413.4128039332849
320000,100.8826304966878,314.12816035668715
325000,111.17917352615586,354.2450856826217
330000,121.24699876600891,420.0931766263315
335000,139.530786363277,195.61586086568235
340000,143.02847071415823,275.303527915559
345000,103.56786825706018,314.7329771232958
350000,116.15091605280833,250.11195019615823
355000,100.02629938230393,335.21126094268544
360000,80.80751937077036,265.6121109360575
365000,90.73224139703564,296.8721635436957
370000,110.46372724756782,338.02271755223234
375000,117.78665635122917,430.7347696322032
380000,113.80960345977667,366.4079225520952
385000,86.25211099561056,297.2776066589026
390000,112.0220863171644,313.0541586255655
395000,92.66253731969903,222.89158325220168
400000,98.64139305634222,296.5708040731711
405000,121.58660989522781,269.1602405055777
410000,99.43405661101627,392.6083824829607
415000,97.84431782087125,264.6964141578577
420000,112.72453195159636,264.5601423474857
425000,116.46137887657972,369.3570114381219
430000,76.36963060746507,214.58229317353755
435000,91.04190803601284,246.73932878395132
440000,126.46891099017648,378.6347291015379
445000,116.96155255984735,257.92978983438724
450000,95.12275264062498,369.6937383544353
455000,104.12256384004718,260.76346318808373
460000,111.19890985241642,343.4203117865777
465000,151.6755462750274,264.7161740784712
470000,81.05087813540314,322.09898697106235
475000,101.1888925017679,357.35757135956794
480000,107.90853831090453,373.7941805533516
485000,134.37522609621453,306.7899418588331
490000,113.47853830853467,300.72308999121213
495000,107.60386758918327,242.07941588662285
500000,99.90270361421528,320.1422786505453
505000,105.11503618418101,328.97272907939066
510000,122.83000180852042,227.50721314294572
515000,124.57822705531373,210.0451052824366
520000,96.33815113141696,227.06226871473578
525000,136.54195674170256,435.2888968693221
530000,110.02523109318395,321.2057193916255
535000,111.2992861180864,244.18989601394222
540000,104.33462337518381,284.3476525533583
545000,93.36993524792922,272.53949604997257
550000,111.23829791666259,262.49045691477136
555000,137.0289225422125,298.7147827263036
560000,135.58206689573467,281.2038172496538
565000,139.6639895691743,346.98562611277345
570000,101.79201262147348,348.3022065988638
575000,125.79624117114577,310.41089344296427
580000,90.63987206026627,284.9240879680862
585000,117.95285173176353,247.07688567515677
590000,112.23364417124026,268.8987002444646
595000,86.07795354202386,251.40202224661428
600000,108.7953569415775,321.375136124207
605000,115.04102596775351,300.21824498496215
610000,112.28174794186793,312.46889014448425
615000,113.80545058338407,314.44468107776817
620000,126.08140255631349,349.82729023070425
625000,106.90759976627032,273.4948325147229
630000,120.19639388618782,385.7536408181311
635000,111.8227885504561,312.6254789830291
640000,113.14842931405678,311.5149074186265
645000,112.33109889266507,339.44013472313253
650000,119.37568283854785,280.56580003575124
655000,134.2476592582167,327.8358477011749
660000,107.27609443030303,347.9078194746706
665000,132.47880398469334,267.7532518145373
670000,108.59105955055361,314.4339282943717
675000,78.4758629626981,312.08776052798413
680000,101.29946685331254,377.0747389412185
685000,126.4364192733849,358.32999699047735
690000,113.88742288831463,276.38225873672656
695000,107.48543428331618,390.26405602461506
700000,104.71936765680573,375.32455576956846
705000,133.41860244940455,301.71383900200584
710000,122.58212762228635,313.948842242581
715000,92.41863879245278,205.49958557144768
720000,116.27999658115476,245.3314023503247
725000,104.77666475247105,361.26648050186503
730000,106.71473997113685,413.8947593026071
735000,102.64593521463638,347.880244655175
740000,107.49246095764431,276.16167612766446
745000,105.38797186473755,229.10229876793935
750000,122.0935690525219,306.16110984701226
755000,89.05277051341875,398.6669893749114
760000,90.78187412774923,261.2437749981573
765000,82.15715449135826,391.5827602060994
770000,100.9490051422789,340.6115194784473
775000,97.15771410535837,227.41166271451527
780000,79.19417589446431,297.99593267243046
785000,95.73495007712165,320.7143628373862
790000,116.56875648665584,369.42698226592177
795000,103.42195632448431,292.1574409007443
800000,100.80976997037578,273.8315426536609
805000,83.49793284073087,326.31883174835104
810000,78.20093074988642,270.6253116451339
815000,102.01636734627579,237.3497910162344
820000,110.19858058923745,343.01155915274416
825000,77.74818286869981,319.86773859510816
830000,144.950785580892,231.55402353387086
835000,80.90091877607284,262.5732180110965
840000,110.09679586073918,333.09380649076303
845000,110.84369799116018,272.5324378517795
850000,126.28741387717344,347.2595107663236
855000,99.13410699820514,329.3981863465772
860000,115.28998163882852,250.46897193224578
865000,143.23436388166584,347.20655190314864
870000,106.5374039983875,346.5592318903384
875000,127.55180877384748,342.4864650046819
880000,88.93936100781536,341.7876935392144
885000,104.21933193751187,262.25593664541566
890000,129.98221811783947,280.2735662740331
895000,112.46180378590248,328.7338826380352
900000,114.15198424962426,199.7327853531309
905000,104.46880159086362,266.96288259532884
910000,138.46586219583202,248.8638577673985
915000,125.64760620771983,315.4310651403162
920000,122.00706971256562,293.34963184237034
925000,95.76156586934883,322.37856945553403
930000,129.16149365063313,316.58127983737415
935000,119.62835830687544,293.7725955665593
940000,107.34720838094569,273.8366621062496
945000,88.33352167031023,291.2929281454163
950000,107.51459641698807,363.06506987785764
955000,132.66722202081894,280.7682948841536
960000,116.9876449155438,328.28160417715435
965000,79.96405476740813,322.82265029571624
970000,121.96591351527951,300.80467103047937
975000,95.71724375430995,247.6428814347465
980000,89.80839365648262,213.22243622305083
985000,128.41644982185176,247.3379934157096
990000,100.39441415591699,290.8359772304672
995000,115.79214085922666,259.43066314993
1000000,109.22721785459879,325.7008833383849
1005000,90.61106805956973,332.43603399107513
1010000,119.95449665796559,322.91264154525715
1015000,136.6996074027697,253.2661508081423
1020000,109.99487995385925,271.03344627953857
1025000,125.7935980102609,263.82595450230474
1030000,108.56327196858433,300.4142124008777
1035000,82.26012322917131,322.65621969105
1040000,93.42141262709993,419.52846123632224
1045000,108.40378312500593,317.3495559708006
1050000,95.8451786143334,289.24796847564085
1055000,110.43846992721086,257.1545245326157
1060000,98.36662382894815,305.28226501579474
1065000,111.14808606859253,308.0062484114082
1070000,103.93225800365212,317.19756430779057
1075000,115.02159876886532,310.359412564042
1080000,112.08371199498464,274.53801391888663
1085000,96.35137350034381,214.5398200812605
1090000,92.22154993750348,337.12627455478247
1095000,85.61484767009836,275.13709359536995
1100000,102.97480463015665,277.55713205946995
1105000,109.108573820971,290.4414369658651
1110000,105.2461488192422,305.37468677640373
1115000,129.419020803985,324.36651144504737
1120000,110.04226090947338,316.25991012008274
1125000,145.15162107005,307.8477640040005
1130000,103.01673134319458,381.42410567527105
1135000,118.23922975748371,326.7704834868961
1140000,73.14478843647822,250.81685788465256
1145000,105.62646914601135,286.3277366754807
1150000,122.08117136069814,320.6560626923394
1155000,141.44120453623282,302.22277047820523
1160000,144.6603843291075,337.8144941551598
1165000,110.40900440489446,245.26149140182613
1170000,115.85014290594512,324.7297890559782
1175000,87.14125757101556,252.60891120916102
1180000,83.16637714605884,237.10399772639508
1185000,120.95318749531265,325.4557683975323
1190000,127.20135698518277,379.57946588998215
1195000,113.59714082056763,278.13274470032894
1200000,134.1615270726527,289.7757132485258
1205000,89.94253472627474,375.4445006264002
1210000,101.27505500809889,236.2131379478201
1215000,101.91641903780652,369.25440380116186
1220000,111.4501497393718,300.978459290482
1225000,98.75360004464329,356.9561674243074
1230000,86.55709878540546,323.8235378912009
1235000,138.58030717192065,286.83771098813924
1240000,98.72222948102439,244.24546197650338
1245000,100.96571702098225,240.024409139666
1250000,118.5432402633403,343.63623170756415
1255000,125.70098635128721,337.40087023216694
1260000,103.34755735853923,278.8313738004766
1265000,90.01309186639463,282.6715664713873
1270000,106.2126480661625,338.0085815006593
1275000,132.74430242544662,303.0195712071761
1280000,91.53030474784578,301.1580345976914
1285000,110.29450341611937,316.9929139847607
1290000,77.06536470421241,247.5807463107869
1295000,87.56954152972708,289.4932392660678
1300000,111.38164156308926,285.29620792751723
1305000,106.37742461218829,296.91367415440106
1310000,133.8988367737968,326.6026815700971
1315000,94.59912031860557,280.69464440026434
1320000,132.6195442408495,332.9365609178472
1325000,102.4549869475893,320.7035324737447
1330000,109.97619928943186,235.7788348800979
1335000,92.16283221589924,317.0618212854726
1340000,89.5497022669943,295.75650093769525
1345000,96.92259398218067,326.08241796483054
1350000,115.90369192215792,280.1379151173193
1355000,98.26887421086144,310.99196314983703
1360000,117.17914948587281,333.5600048987517
1365000,105.81214075754349,371.45695532093373
1370000,140.54004056239938,235.72016009522315
1375000,92.03996427374636,307.06087268064215
1380000,93.30741688556196,255.88512956155844
1385000,116.08816705011589,271.12804513249915
1390000,101.0423596601953,220.88384654740108
1395000,117.46351250009315,266.36487402905317
1400000,127.03230499290584,296.13315121499886
1405000,116.07125493254517,268.8953248329889
1410000,117.7545872679766,264.5261927758191
1415000,136.4928785045812,244.454382089727
1420000,98.55519192350096,278.5895996676699
1425000,113.94778839672313,195.57335154673075
1430000,126.87793398026167,206.0928065065504
1435000,92.55577558411477,258.61758996246226
1440000,115.68835393616183,371.8212383161455
1445000,107.40246036258281,372.0943341797593
1450000,107.69018493402763,347.5385891031614
1455000,95.90364541319065,164.65835878256505
1460000,104.8054686883487,303.1900736062492
1465000,115.53665679210155,368.5217445227151
1470000,125.30407332830328,252.84793487922653
1475000,142.6748947937112,263.4719647381045
1480000,113.56437184685319,307.496336444841
1485000,105.20283579829254,432.1455437261233
1490000,137.46305592698855,260.8968378054643
1495000,124.00690682499061,302.40391847047823
1500000,108.84479324176044,371.0700460339663
1505000,107.54398710644546,206.69699435115587
1510000,99.66547960301028,245.7953205371498
1515000,122.05217143097025,279.4722559376708
1520000,104.59185261356816,261.80046299957195
1525000,103.59627347304382,251.6453352178245
1530000,119.3416321731828,345.3417798069881
1535000,109.92010260573949,278.11105281255067
1540000,108.6142943021436,281.9099276069222
1545000,98.61622847180365,297.4682482896012
1550000,114.31789893910047,248.68836907522189
1555000,103.18672513530578,300.02477791506345
1560000,97.10082901656352,359.03300933078134
1565000,108.2186644611005,253.72352522785818
1570000,106.32221450029124,353.4910278438989
1575000,88.67569587777535,334.98342818207504
1580000,98.19846564308472,314.69047484261495
1585000,81.22912842467395,247.3574097983722
1590000,85.06593005699744,271.4584850530212
1595000,109.89955244345731,291.61674814756856
1600000,98.88423041886853,361.3229438409428
1605000,91.67836243017598,413.2057221549168
1610000,99.79827958123724,308.8315152917337
1615000,111.1989706068619,378.7183544136284
1620000,100.67479604138964,283.2966271532438
1625000,116.31986222232723,322.0920495783174
1630000,120.50399651224211,287.2774968871516
1635000,80.16351581900574,276.580817462872
1640000,151.85725274152458,319.0957052835074
1645000,77.05699092767418,246.71075920061944
1650000,127.89886001217855,282.50132167807175
1655000,100.18895100508621,275.94373332236927
1660000,106.77212398080968,205.52017390479423
1665000,80.20238858544559,224.16922762006635
1670000,122.63215897653288,338.11669702237674
1675000,123.01043021452341,216.64770280432126
1680000,112.88705646996038,271.2029512548317
1685000,126.10857833637766,292.9357436896212
1690000,78.17320108372951,196.71171719255238
1695000,103.46701769770118,350.19658209655717
1700000,103.95462075774708,272.4336335111058
1705000,101.52244485249969,331.1360194063857
1710000,111.32164098851945,275.1411819986177
1715000,117.5285563185455,224.38775783886763
1720000,104.15611306635367,279.0708470812038
1725000,124.08200501991712,236.18867627322888
1730000,102.5010711878013,342.6117536169016
1735000,101.43017569215857,338.27767066087245
1740000,92.49019575439928,278.94856815632335
1745000,103.08647551351152,267.04433839445335
1750000,132.0280460152411,314.1175070219598
1755000,98.6357082440536,279.5208519219561
1760000,101.76311759252332,318.21520151360653
1765000,107.3229098990181,325.9128942513919
1770000,94.31767049319967,240.9678761565779
1775000,96.68298960711769,282.99953542797533
1780000,110.23801518147172,199.8217721353073
1785000,105.50486701635947,308.0083624211123
1790000,97.33673006025072,278.36788330413344
1795000,79.42216867623335,331.58061085390875
1800000,97.52513283821878,297.63598792115
1805000,89.22517093259972,394.74926415100293
1810000,127.33619220732595,230.2100031751613
1815000,104.04037770175216,313.22832670893627
1820000,94.51354030098622,238.75193639239183
1825000,86.98238991644763,227.59335741213047
1830000,122.25132248660753,270.9474894823721
1835000,131.89582281661012,298.1137495808131
1840000,111.40943120576753,251.87436378241074
1845000,81.29864018922478,315.2498126333269
1850000,129.95974031660876,245.67045829570378
1855000,121.3730710357122,289.0275140328368
1860000,93.05102837132785,275.77505999705045
1865000,114.48585948946214,338.33107491171666
1870000,89.04848380942587,386.57336547392913
1875000,121.38401455769304,324.84668492533325
1880000,71.69849097140064,306.7627989415055
1885000,104.85833559930461,343.1835292235651
1890000,80.64259079931145,366.9201709572747
1895000,130.2285334084629,315.73204992803306
1900000,121.41692646882444,260.89227192036174
1905000,109.97236248737659,298.6700910775097
1910000,109.08589345930864,317.1712067847635
1915000,101.57766214220203,301.1373465624684
1920000,101.74507694908823,295.65369991612016
1925000,131.91051544290696,312.3602445950991
1930000,104.72340028730378,242.23839249179298
1935000,107.08328151023841,315.04289519982217
1940000,122.99081729573925,336.6153602988959
1945000,131.99119875184016,226.59019365099826
1950000,142.55721235198513,315.42173338534053
1955000,112.7909690052561,305.82893025989614
1960000,93.08351425711908,216.34177704900728
1965000,116.13437856998564,352.3836085366019
1970000,75.61504017516336,297.8906391472197
1975000,110.86687632850521,339.26071143475053
1980000,95.24325783453298,268.3179405882766
1985000,114.16911491358081,282.2574109020878
1990000,93.3971982131826,296.0170592323034
1995000,110.28757475164457,384.91914425698815
2000000,94.16650346448324,328.02283750956974
2005000,94.96453455868266,344.70988480021515
2010000,134.74034036521073,264.14658341093804
2015000,100.87168096758256,334.42217397014514
2020000,63.16960521813206,275.8596676045809
2025000,105.78339812975162,375.7546309453632
2030000,121.89917864736555,283.55552952553296
2035000,131.42178942350955,266.3421487041107
2040000,96.11342791591352,275.5131837824154
2045000,112.04121565106476,336.97899679903435
2050000,100.22936953590846,372.2147177640428
2055000,93.55814702961237,424.726097958026
2060000,90.97752283317209,407.3486671200037
2065000,106.48959001443427,256.4745995028646
2070000,112.56594398892292,443.5891456461777
2075000,79.3677865247505,252.9725144955794
2080000,95.65139211673892,271.3637149027451
2085000,112.45940637734543,300.1882257087181
2090000,117.72679936570847,286.3055697565155
2095000,85.25907772214163,315.94241539314675
2100000,118.03538067164482,245.54137719234157
2105000,111.65059418670387,270.2899335094542
2110000,98.7725075317208,292.01458951361326
2115000,96.96281784833883,210.13317280726542
2120000,89.76081250959908,214.60564490448064
2125000,94.82540068498275,326.8775618458724
2130000,111.90621958355797,359.1588106439174
2135000,116.82247808517184,251.43620715990465
2140000,127.71542336556888,257.90730786289816
2145000,112.93458283331597,351.35593595860945
2150000,87.45533704120948,279.10501810997744
2155000,102.23126948689963,408.70661353488583
2160000,81.40425514238927,267.6240600186871
2165000,119.18840729347056,301.4682749622262
2170000,93.94723665898636,283.88677686601716
2175000,119.31250591397651,327.83620117019865
2180000,125.63436012220365,282.5464103072665
2185000,147.17806311045877,225.43032180325474
2190000,84.51360258886507,251.68643600168267
2195000,116.33359330523399,352.6183196790031
2200000,103.88655248206192,347.0876679491213
2205000,73.45717237099012,215.59989701812555
2210000,87.49631681360688,312.06708380136115
2215000,108.17627136565181,319.6574747723819
2220000,133.93182672428668,228.41252467790414
2225000,110.33166460750289,238.97987808088436
2230000,90.11050333559677,358.073950330965
2235000,109.1098382739051,299.69691820466375
2240000,71.3223522933888,196.4399581251376
2245000,74.85730899594239,348.4340800298211
2250000,89.24659156138136,304.53472091902614
2255000,90.3217282245783,390.38752394519713
2260000,95.67472345641943,266.22007867139655
2265000,110.11025611268576,271.07689548418193
2270000,95.19680590277306,311.2626694330173
2275000,86.56780166378223,308.09284473506875
2280000,102.44994423327796,347.3378242714962
2285000,103.48442704333814,283.1835129467578
2290000,97.82556073486842,313.35706921268513
2295000,117.56323766526066,259.24443384328583
2300000,97.09519889346893,345.90438059601274
2305000,105.07114920742885,294.66169621997824
2310000,107.97498934691885,246.84493960105
2315000,93.21520386276029,235.0750680375142
2320000,120.81130274583597,310.75829179177396
2325000,84.6642094313068,329.4350185820175
2330000,109.29004696384203,285.16623592568914
2335000,121.45278613857909,318.6943394873583
2340000,119.11383101541867,361.7022245045398
2345000,95.03781967123842,402.87965917386504
2350000,89.96059667929546,304.2765345927762
2355000,101.34576662994647,311.73658308658656
2360000,106.78310474897296,337.3771017712708
2365000,106.34137839690396,228.322497243905
2370000,136.6630310687084,269.11370801683694
2375000,95.55964853528724,355.3286535002615
2380000,82.84899973612875,303.3129042635485
2385000,126.21002121953956,282.8842869620448
2390000,123.96938759412302,254.85355510321233
2395000,125.91294483421831,353.2258191271824
2400000,124.94622952645966,291.8694299707088
2405000,96.8893715942354,250.16439042342876
2410000,128.10194323324572,270.0896133582324
2415000,102.863101930668,233.74572073765034
2420000,82.10258896465251,352.93851805327756
2425000,67.36322093997723,332.1679047860484
2430000,110.71120832938516,258.3296039134216
2435000,80.47806669386955,400.60703722291635
2440000,108.63597688395168,322.44585899688695
2445000,102.9225955041826,298.77138859858877
2450000,114.3127636917643,283.4896760930833
2455000,106.07892268145213,351.889645968027
2460000,112.76346387795547,212.10236250546563
2465000,123.78006182457307,279.0003533801707
2470000,114.69375332946379,339.4206907397146
2475000,112.58564079118588,279.76998781713314
2480000,136.23848799007504,255.10376254774496
2485000,126.36926777406666,231.42100225845124
2490000,118.49563240131738,305.6212484051193
2495000,92.16273174607363,294.20513721198614
2500000,114.20996734002188,331.1437704891123
2505000,134.74164531169333,381.11172875706706
2510000,118.99022601098397,296.4569685953006
2515000,93.17011633004142,282.30713149560177
2520000,115.07125868282202,272.11116249229457
2525000,102.02656417905217,242.37548692628906
2530000,95.42470259510264,218.7336818517558
2535000,92.71353528337795,273.6409363858977
2540000,122.82036948475388,190.0804939339845
2545000,81.8542252005127,199.92567270658446
2550000,110.49046795825535,387.6017782799728
2555000,111.49520058997712,323.47256988274023
2560000,130.39543452496605,318.15924051656066
2565000,105.57581091034336,323.0293134960654
2570000,121.36209664959296,318.36998464513897
2575000,115.95551868342648,263.7248066779717
2580000,129.2200914026257,213.82822295017453
2585000,131.2037158656765,265.36881352460705
2590000,116.2023839338982,352.3376689695872
2595000,90.0338755634723,411.1498792525142
2600000,82.1885024553917,275.02831311689886
2605000,102.40497433789892,257.1955671939144
2610000,108.03023037130777,317.03504373794726
2615000,120.33872785523658,342.59941442560677
2620000,153.40304578476685,267.81232173372996
2625000,87.21915438805979,384.9882913066339
2630000,129.31458125480094,322.9229141465145
2635000,92.50580311818203,284.6019664947912
2640000,117.97875025299112,308.5267140536763
2645000,115.11838136211912,283.11973854376777
2650000,114.97751007574789,267.1473206203738
2655000,119.85977671559476,327.333881613108
2660000,105.26464204404965,292.3732462652317
2665000,90.8618413285688,321.4085316710593
2670000,114.40014351356365,277.1441255012808
2675000,109.50802024588313,283.19688905122655
2680000,91.25972531299061,275.95217055874826
2685000,107.09657325885229,242.30556142305414
2690000,107.77205186293901,263.5900886937305
2695000,88.8536592816319,358.31208070255747
2700000,125.57337873548983,301.57214947146076
2705000,127.99743460305154,367.484697058195
2710000,90.98091542047405,277.1435781705951
2715000,97.73786195365943,274.3509126890334
2720000,127.36051845111132,278.2540782830065
2725000,103.42325074594442,310.19487610583775
2730000,127.1075394544738,293.8692368366778
2735000,130.14385589047998,233.52705262280497
2740000,96.92352225744719,248.05540852372235
2745000,74.58246996176626,266.6392440177295
2750000,101.04472076888874,270.0797074633846
2755000,81.82805116478141,393.25193766982926
2760000,121.47246856441416,342.58776323895194
2765000,145.17521818419692,463.81784462773726
2770000,106.18143477906801,272.4064343631407
2775000,119.46520679526509,277.7698773564497
2780000,91.9518539621564,297.74822606153583
2785000,95.01755073665367,262.26359602155276
2790000,123.14251135987513,356.5738450751068
2795000,100.80411704046503,337.313439404483
2800000,119.80034447873658,285.88612882690956
2805000,108.71065918846301,298.8691893224757
2810000,107.36904199121886,253.0397191061488
2815000,122.14762300950343,290.0478698894231
2820000,145.44366986439871,273.7440999334328
2825000,119.7231182631952,431.32011285612197
2830000,74.72385948281362,332.8704855586438
2835000,120.51059971609175,239.63297013622267
2840000,87.37894523055326,275.79311606781334
2845000,83.72264415527758,272.7421221345289
2850000,117.25479778041989,349.9145544630389
2855000,126.3303074051455,244.3664727711287
2860000,96.99979999983282,289.59397787125954
2865000,96.62149578046473,331.2576614950581
2870000,100.19859379517618,228.2039395615204
2875000,115.10949279698349,260.07085906429086
2880000,104.81404541207667,428.56049276644967
2885000,105.91815602267138,253.8784844054222
2890000,146.6779439081754,402.32420704354007
2895000,111.39334729319603,300.6268712187843
2900000,101.82080466829677,263.28375406902927
2905000,86.37430565256955,362.44970237561245
2910000,105.10186199796226,317.24183703767267
2915000,108.74127247074841,330.752630136041
2920000,111.93529647577549,220.9333883063968
2925000,133.87831479827275,262.16360515842445
2930000,117.17425676654983,368.092467047737
2935000,91.5365911083934,286.93912168483183
2940000,108.3437702258073,276.31063259640166
2945000,92.27236714153128,330.2193033372616
2950000,110.17351767626934,371.2074246469829
2955000,77.90462582247324,247.72442791597817
2960000,121.93730402889491,289.89565268972774
2965000,85.49806916545361,235.69966675560772
2970000,128.25207129024966,249.74889614402005
2975000,105.21538139185486,299.33508912565503
2980000,120.59453652813426,313.57496881136507
2985000,109.633807929429,328.2585095596693
2990000,107.99086973173468,360.80687338735004
2995000,104.98642501430948,276.96891544023026
3000000,90.7671639090587,268.28588037554533
3005000,139.99125413676938,290.090068569676
3010000,120.37884512418935,210.6376474709809
3015000,109.92910206877866,306.95715778771597
3020000,126.26469145680085,369.2247093127029
3025000,106.75777044145025,325.32068137569405
3030000,108.01537992092398,280.53800693109775
3035000,91.4847061212958,246.41648435051528
3040000,114.2351842081697,362.65259397689533
3045000,105.58815662781706,335.18381039911526
3050000,131.67706236387392,295.1518420636388
3055000,106.93143740056746,261.2309961377628
3060000,109.76569705638036,292.58455542975895
3065000,113.68686336433404,281.4910841357248
3070000,112.26717390525619,359.1079240515778
3075000,96.87557374549942,251.679397748388
3080000,108.92111930523777,302.3215796201185
3085000,135.39896995042363,248.67035282880147
3090000,117.7655913455634,363.3751218935405
3095000,102.16405069015383,231.35414125158889
3100000,129.79374462723013,305.74779023270634
3105000,100.1883467025678,336.45910121056784
3110000,75.62828832810987,380.5250582925764
3115000,77.31109334162949,275.80387880556214
3120000,86.65442304190361,306.99904381552824
3125000,76.93892132357814,351.5119844139673
3130000,91.99562751709976,283.3716806742241
3135000,98.90496839536223,315.9850361692603
3140000,95.5030411338563,361.55728146344114
3145000,82.97433414160497,242.67888080202195
3150000,86.6500676827286,259.65700037158246
3155000,111.2501790439382,303.3892673250887
3160000,129.84494254846965,308.12283079918245
3165000,117.94313408268863,265.5799201800617
3170000,108.646792638394,355.5221885403659
3175000,116.39204427862188,270.6650458847201
3180000,144.65141675720037,322.39657313591874
3185000,138.34239897340518,294.9097715343783
3190000,60.37525860355447,333.2732274844508
3195000,92.97900542086228,261.01913480411673
3200000,147.80477637991515,305.6902838700501
3205000,109.59539328210838,371.7398847361709
3210000,88.52525087429143,275.30944776495903
3215000,103.50510978763685,367.9840574136658
3220000,110.99900562633604,417.99210044366407
3225000,98.39069859836059,337.3191917457212
3230000,132.07454937893442,357.97141828950765
3235000,97.15348156906293,289.07953472643914
3240000,101.15857807367718,262.6961125441738
3245000,100.5785986445103,387.45280099449235
3250000,116.37081364027932,352.14753685808586
3255000,101.61902894100427,272.03033710076187
3260000,120.8796820305264,343.0525731558206
3265000,135.44660635765973,350.0021795729195
3270000,102.73514351416623,294.92942165192903
3275000,125.33854844186487,314.75269265785016
3280000,103.735711295937,365.2019927597389
3285000,111.63057441306796,207.73843780799197
3290000,83.03000154439667,238.4889879574854
3295000,166.58202639022244,252.90839342076532
3300000,118.36484200248742,379.79681596342755
3305000,118.52851429371054,315.6223325619987
3310000,99.36370158719893,360.1990000285575
3315000,130.51480497083674,333.17285240906085
3320000,96.78317983288639,428.20144569800414
3325000,95.50946002457351,276.9060271479822
3330000,84.30743197561344,212.4546470997647
3335000,121.70388021385122,344.5181780508179
3340000,86.32453148671317,220.53805419459857
3345000,111.38667926491183,289.55750786522077
3350000,90.91872666039632,320.5818410551489
3355000,119.67018938021079,248.74015878245277
3360000,127.11592005976524,267.5456107118027
3365000,115.98219506550163,354.2261149668559
3370000,124.98827701026335,218.3155755603941
3375000,96.39764176127892,269.2227903205818
3380000,93.09488627475326,293.31303453641164
3385000,106.58453641379674,254.16221329276289
3390000,95.81543798169139,278.117294494408
3395000,82.10814419488179,331.3012473758281
3400000,96.92867768799249,206.9954676647811
3405000,100.8130021432014,238.99220685933423
3410000,111.17458543547019,340.3622121342963
3415000,111.1513194495484,278.687545590741
3420000,130.1635800177288,335.56349391107767
3425000,132.11102063289889,339.450937908408
3430000,127.40762262397203,303.9334342728524
3435000,102.86445389203669,281.35944463138003
3440000,78.1554178035721,230.9373682690042
3445000,87.10748875929937,322.8954191259302
3450000,122.01418150667462,253.20585159409183
3455000,130.02262723334053,202.96617261028564
3460000,107.84069036396312,265.8820965863976
3465000,99.11026217920113,299.27885624025134
3470000,128.459474610293,285.1473674585307
3475000,113.02404705034877,308.57617281981743
3480000,100.681881690436,308.6943352714842
3485000,135.22887921916117,215.35067278685895
3490000,116.093529251674,221.17905409718315
3495000,140.53486945519154,361.399045612676
3500000,91.36322258659868,278.2432042468488
3505000,89.13124588893703,316.0368922543447
3510000,115.25644028302412,248.58155322274382
3515000,113.98210902020122,316.39713309223566
3520000,102.1008256775117,327.737939863561
3525000,118.16958425816574,280.1881307275844
3530000,105.62590975141558,288.96903643838334
3535000,106.05377497912298,348.86423363441287
3540000,119.02746425234011,301.18777404409866
3545000,109.63489703202185,247.49942242676937
3550000,105.55920306827215,356.8056744632691
3555000,122.51098371765613,382.6295364382887
3560000,109.19418401217263,230.80686370236475
3565000,78.58575073803672,249.12993030044876
3570000,136.87786617235156,214.2936862896911
3575000,128.04998919456153,324.15592464942773
3580000,110.94276272929659,301.5703708127017
3585000,97.01615449678957,301.813252015265
3590000,96.62239466853299,260.35453270267226
3595000,97.35392658883666,258.3066762453981
3600000,106.679190221966,364.57212607686796
3605000,117.50104082965106,254.8237372067032
3610000,84.13738449930878,349.0286663300679
3615000,140.32344377176474,355.3616118702626
3620000,126.74589674294651,325.21831669193415
3625000,124.53794751583763,307.1307897593979
3630000,98.41080302537029,273.82064241843455
3635000,99.11968171545902,462.25483377771224
3640000,94.29800626177303,278.45708998145113
3645000,114.87717473420861,259.4901058131896
3650000,102.99286014221946,340.9133996315686
3655000,97.59349701465396,241.70662618155143
3660000,127.15598596407568,283.35168326920274
3665000,98.3316711829508,311.2620488279122
3670000,115.21293040319955,254.15970069656112
3675000,116.13250044253402,273.7093389767233
3680000,103.15312905563809,417.279360755424
3685000,147.80287775794858,322.00303184358
3690000,112.50778090571174,255.27525350390422
3695000,129.2079239460412,237.41557148065436
3700000,106.39912444312131,325.61465434331933
3705000,97.5068839108236,306.9735758257951
3710000,101.0873730975955,299.546801930401
3715000,133.26343546067062,365.97692968141223
3720000,102.4763400741096,272.00686510282054
3725000,137.14663215551172,339.7492138272324
3730000,97.52987825195868,349.690400328324
3735000,94.4094991047354,312.3058563644692
3740000,110.36435411224062,279.48979525506763
3745000,119.30900828447653,262.0545022123933
3750000,125.99478327364375,333.64614585475704
3755000,120.90654073885673,285.22302690281424
3760000,108.72939530037365,366.4829769752376
3765000,111.02566121762663,279.9306767185756
3770000,122.13374016935211,427.8770985354062
3775000,104.05138280573925,283.1329676492116
3780000,97.27507317170131,324.8500085688344
3785000,101.17460413789013,329.9653757501929
3790000,106.51417351394684,274.9321193654661
3795000,108.97535397758924,409.51728054756535
3800000,92.43139138245215,212.95792779767316
3805000,80.12700186908091,378.38299221979366
3810000,109.36702430433644,299.34996400610123
3815000,116.10152905274015,301.9004373457368
3820000,116.45351960382186,261.2015940253622
3825000,103.2419058970844,237.9630550283768
3830000,128.71246389816116,297.56075895317025
3835000,118.53102909518583,276.3258422167412
3840000,105.89247709199242,270.21623683329364
3845000,98.54096550532103,339.55345481504
3850000,105.16415598825643,286.58856724841667
3855000,99.87921024779007,295.3700232900917
3860000,92.44322361186767,309.5384541288908
3865000,102.73323590923832,244.36969327979645
3870000,101.69439504161653,305.6543051514677
3875000,129.83971868327188,323.05544097932966
3880000,93.79440760951081,319.07139907718357
3885000,133.51227651554018,195.1353459175247
3890000,131.9492376131297,216.49676979840424
3895000,117.91341547215899,274.53252980819946
3900000,144.56111760581143,235.66229895376964
3905000,118.68188193974515,316.8058653783527
3910000,97.82920585519622,289.08336411923574
3915000,122.7584394795523,244.58873557912202
3920000,150.9976275024777,275.88379007689997
3925000,103.2131744508896,359.04109652950183
3930000,93.36182267666169,214.47143372209825
3935000,95.52966788488095,274.2657109444022
3940000,105.68236231023565,244.69046094566414
3945000,107.11694006419611,332.25796113200005
3950000,96.31718058317762,301.32095930376255
3955000,101.59435582698467,258.989798545488
3960000,122.67159453426444,320.1593589370215
3965000,106.6470007742227,289.34364108927116
3970000,140.8346160477405,349.78612421445735
3975000,95.50812810571318,277.9372932040813
3980000,101.79081763022953,266.7740038497956
3985000,117.00071172475305,351.18901228462465
3990000,131.3696175569396,298.66654709364826
3995000,103.94971024602819,306.48556155006895
4000000,102.25607435585266,340.4358511948644
4005000,111.05217698284832,319.31104612667366
4010000,128.0678078924176,338.87147269433075
4015000,121.77163675859418,293.90800149244967
4020000,95.14472176603999,280.686605026797
4025000,113.86993092244688,314.97167071343137
4030000,118.53541222651882,251.55911173992885
4035000,104.4929181564695,209.18461412357428
4040000,110.71284168476177,310.339655289526
4045000,89.57315075737506,295.9941467650354
4050000,128.41935410632004,309.94498593407906
4055000,109.07140645056194,287.67492954547293
4060000,90.64635910009122,282.10838731411707
4065000,98.76528079578202,300.5367168708027
4070000,123.3676053103178,314.0191727300528
4075000,116.17421569985481,233.13741950060594
4080000,96.43885236287565,304.0287109252402
4085000,103.7879265869858,300.7570561452712
4090000,155.03100601004684,225.4459312888721
4095000,132.59727437512413,376.54430352011866
4100000,119.75070496826385,278.06333280890976
4105000,152.3363669814703,273.0068449463694
4110000,119.92807693790832,289.9444170838854
4115000,96.03674717095532,255.85896730537831
4120000,114.64914509001392,349.4619752400831
4125000,96.49170598679677,286.6909127280239
4130000,117.29705608192006,255.93800122264489
4135000,83.9370900484214,431.5592215862812
4140000,114.7827178258259,302.51221967353734
4145000,103.89862900479847,399.15530364734144
4150000,94.97638138593561,306.15519102784606
4155000,103.04855613520516,242.5122315643574
4160000,90.89471953472457,274.24591465299915
4165000,138.61006170426577,334.79074631675473
4170000,149.39798547708688,328.9643163098073
4175000,105.6130734964122,300.7009890056912
4180000,109.2585306704409,330.4040979696096
4185000,113.72040609388182,296.3549479913031
4190000,110.41889099711716,286.9310384598609
4195000,107.7390885273241,301.4490422848669
4200000,110.25014352784012,231.48226408719535
4205000,104.39929709470704,267.4951616491285
4210000,129.89892672505607,241.21244184846898
4215000,91.25657368318741,243.34340677719413
4220000,111.11059840478117,278.96064922993224
4225000,126.23367784193175,439.4237635983643
4230000,112.29575636732329,326.331950552385
4235000,97.57062069559447,282.2590999419528
4240000,107.63635913372718,237.90174813635625
4245000,115.90071651511965,365.1806773258257
4250000,105.58226348079893,208.47724980088756
4255000,114.12480200242277,329.6795005329562
4260000,77.54060331040466,339.2985393681514
4265000,113.62032000395709,249.49207341303034
4270000,127.90043739671381,206.1310516041262
4275000,88.76731827902381,262.8913990913561
4280000,131.02120674507773,278.7552693769853
4285000,141.0682873839861,227.9365850230201
4290000,99.06423883548928,291.38690870760774
4295000,115.99781119428269,305.18564656929686
4300000,121.67873504519537,290.0227718455531
4305000,98.75419951060996,245.04737717616678
4310000,118.39292676124461,316.1212339651031
4315000,121.7798622043506,332.9278434730377
4320000,125.88438767656987,190.44556075116012
4325000,127.85634757261454,402.82971245749076
4330000,122.6678043880745,257.91870228873046
4335000,118.21965488018361,336.3664344933559
4340000,99.20440445862187,286.84616689371603
4345000,88.37638185196693,284.4166747844134
4350000,70.7432413795895,214.52608731505646
4355000,91.23323382527752,267.401090452616
4360000,127.55690176897929,233.53814755742286
4365000,89.71745581580177,287.7622380759492
4370000,98.01519888712528,312.00290022719076
4375000,114.95071848392985,266.7051862641499
4380000,119.05474532792573,352.82552598604155
4385000,114.68510413096033,249.17079023502197
4390000,120.48891663505015,264.4509112171706
4395000,118.00344490153003,261.53314029304045
4400000,123.77106793624984,300.9288030249058
4405000,104.0470527586005,380.53070246603346
4410000,121.30663548471881,397.568650671552
4415000,124.54922044916913,302.92441428258775
4420000,95.22066570376933,307.1050233783745
4425000,104.05124369708102,226.00512556918375
4430000,113.69029438301959,319.4684420123714
4435000,107.17752621807432,262.7398268270819
4440000,106.46421951118418,323.48844919575515
4445000,94.51429698843162,414.7591267999954
4450000,126.05016098286734,260.6206757537832
4455000,122.66958538764203,312.0217350049305
4460000,132.3756691023338,249.90754507702744
4465000,137.7939915824557,332.8072522917516
4470000,136.30105736867984,325.80688235495006
4475000,104.84613997228115,336.11849331398207
4480000,99.9596415722807,281.2800755468518
4485000,96.00138057448055,320.96953994230773
4490000,121.67261239806504,329.1114781088588
4495000,114.37941646922962,307.70040579735706
4500000,89.53253789708077,306.08866082783356
4505000,100.41138496639621,301.9037927426449
4510000,110.50509263165543,336.2518052696106
4515000,113.46754068681525,269.86888253770223
4520000,116.17004066321209,314.9317080705331
4525000,136.1166131891378,297.1789210400272
4530000,104.80506714007083,266.04847903688415
4535000,109.9465644830886,367.6594092132824
4540000,133.37683493332293,224.41667323237803
4545000,110.57051456405617,325.3988601588529
4550000,94.09141671535701,406.37129620190757
4555000,117.43534177521383,260.5738502092087
4560000,106.26520875067297,287.30114755361103
4565000,104.02859016534933,290.40459379156664
4570000,106.80676083505341,342.7499592863034
4575000,129.37691443978008,309.2709972900561
4580000,128.7298899845374,269.24185400932623
4585000,121.45949161843055,284.28901174794936
4590000,90.6421166208479,291.9350981121481
4595000,116.55308395761932,261.618252969028
4600000,137.15035932357353,299.1365301222988
4605000,92.91888577737302,394.1045019332569
4610000,126.93958416093625,261.1520577667806
4615000,114.52883617793759,202.7000093717177
4620000,118.83753922803209,351.31849142293737
4625000,123.83144369832604,370.816613123664
4630000,131.26326702239817,344.4663055919326
4635000,131.45365413729468,290.9000201948609
4640000,88.55499274255601,349.9615078259958
4645000,99.19767640891814,341.3803073005266
4650000,105.63841732793571,325.4105641139597
4655000,107.63382303873664,271.2641545883147
4660000,96.79141911352929,344.5949847945258
4665000,121.3097185361326,282.49640652510925
4670000,133.10220423674144,248.08095902707976
4675000,105.88492946433786,393.1880122182986
4680000,103.72922214334409,242.20967307972367
4685000,106.77130837139907,299.129966730292
4690000,133.35401903126854,298.5290316821771
4695000,128.94685087307784,262.95599512784656
4700000,126.50860071717585,316.3540420692612
4705000,114.805493098868,339.39077674764076
4710000,58.21694518901944,352.4293929775922
4715000,107.99108084099976,273.66080410595634
4720000,97.27283450391565,319.3175814501346
4725000,103.83427325995314,259.36766873551426
4730000,104.22871128450328,298.0705415261736
4735000,132.20058362905456,343.1832039712622
4740000,112.69602803149553,300.4495544331714
4745000,110.96795781334646,344.87803001457956
4750000,99.75510992265617,300.64956343651255
4755000,96.96345159366177,328.87218756976176
4760000,105.84061367101924,259.07525564048234
4765000,92.80746653693075,256.7738221076499
4770000,117.60647983084749,211.4900736115452
4775000,101.07745025885629,350.43944736684557
4780000,95.85669348437091,280.9338131466701
4785000,107.62687803438678,315.4360957442887
4790000,109.38467978548664,281.2849075431724
4795000,124.85732543147105,276.62856549436685
4800000,106.97746960279278,170.28538192138322
4805000,127.08645055682695,298.13033112810336
4810000,132.3433136100595,410.08020996762133
4815000,118.45931212827259,336.93645427752955
4820000,99.55533500652552,218.7982946289719
4825000,114.60632683494703,298.47686499497456
4830000,119.63333586255561,274.7163672410351
4835000,118.02802047832688,233.1333033044626
4840000,94.64684804772628,284.6032441242329
4845000,95.1901504546538,315.2289896547149
4850000,94.05991809581627,359.7749192003886
4855000,99.10773079220104,281.46635329227934
4860000,99.6777252165204,371.0934919047977
4865000,106.68312254215726,306.5095241525635
4870000,115.392482071102,323.47525676765895
4875000,109.85800300045139,284.1031942196999
4880000,113.16356408948297,393.55372695646787
4885000,102.72748451372377,379.4959868964092
4890000,147.92582954961875,261.24148518048105
4895000,109.26066235271213,242.33942917622062
4900000,115.93038217930672,298.1327502846997
4905000,130.13658131031593,263.98551367538454
4910000,101.03317941753346,379.72224946149777
4915000,89.28439155871905,281.52086781520796
4920000,143.76461635027795,338.8763827169303
4925000,124.30724232241738,305.321488191996
4930000,135.82646458271256,372.9993533197629
4935000,115.93705821904166,269.5342723468722
4940000,111.68660382660283,414.2002190282584
4945000,108.55735841969175,217.1934116724257
4950000,101.70228365016254,307.5134510233127
4955000,130.41033998335024,241.17235186205718
4960000,117.38326097607268,235.61870103816184
4965000,83.5781327029514,284.8517721872583
4970000,82.26357876363761,234.70282031415215
4975000,99.19457416531066,259.40129319605603
4980000,131.38659556389052,248.1439670523651
4985000,125.31113865972429,290.1451388758677
4990000,129.2190585809082,298.2042377939815
4995000,117.53726127864223,309.45571772522374
5000000,145.8540606840363,276.5072647153449
