Sub-Graph Nerual Network Package used for intramolecular energy
2024-05-10-15_25_34 
Epoch=    0 learning rate   1.000000e-03  train error: 2031.50776 test error:   69.84077 
Epoch=    1 learning rate   1.000000e-03  train error:  981.69572 test error:   49.43683 
Epoch=    2 learning rate   1.000000e-03  train error:  748.50328 test error:   40.89537 
Epoch=    3 learning rate   1.000000e-03  train error:  639.18931 test error:   36.02940 
Epoch=    4 learning rate   1.000000e-03  train error:  569.42066 test error:   32.56921 
Epoch=    5 learning rate   1.000000e-03  train error:  516.75600 test error:   29.98607 
Epoch=    6 learning rate   1.000000e-03  train error:  477.91743 test error:   27.66832 
Epoch=    7 learning rate   1.000000e-03  train error:  445.01158 test error:   25.75524 
Epoch=    8 learning rate   1.000000e-03  train error:  417.13619 test error:   24.68426 
Epoch=    9 learning rate   1.000000e-03  train error:  394.60218 test error:   22.96548 
Epoch=   10 learning rate   1.000000e-03  train error:  373.49563 test error:   21.78911 
Epoch=   11 learning rate   1.000000e-03  train error:  358.06869 test error:   21.03779 
Epoch=   12 learning rate   1.000000e-03  train error:  341.26722 test error:   20.04347 
Epoch=   13 learning rate   1.000000e-03  train error:  327.01774 test error:   19.12298 
Epoch=   14 learning rate   1.000000e-03  train error:  313.60540 test error:   18.54643 
Epoch=   15 learning rate   1.000000e-03  train error:  302.36899 test error:   17.87375 
Epoch=   16 learning rate   1.000000e-03  train error:  290.65004 test error:   17.45839 
Epoch=   17 learning rate   1.000000e-03  train error:  278.89558 test error:   17.27419 
Epoch=   18 learning rate   1.000000e-03  train error:  269.30314 test error:   16.24423 
Epoch=   19 learning rate   1.000000e-03  train error:  259.03513 test error:   15.70156 
Epoch=   20 learning rate   1.000000e-03  train error:  250.59984 test error:   14.86701 
Epoch=   21 learning rate   1.000000e-03  train error:  242.78886 test error:   14.43877 
Epoch=   22 learning rate   1.000000e-03  train error:  235.15742 test error:   14.20316 
Epoch=   23 learning rate   1.000000e-03  train error:  227.51682 test error:   13.75241 
Epoch=   24 learning rate   1.000000e-03  train error:  221.71353 test error:   13.79018 
Epoch=   25 learning rate   1.000000e-03  train error:  212.96109 test error:   13.37823 
Epoch=   26 learning rate   1.000000e-03  train error:  207.45323 test error:   12.44360 
Epoch=   27 learning rate   1.000000e-03  train error:  200.85905 test error:   12.73000 
Epoch=   28 learning rate   1.000000e-03  train error:  195.34773 test error:   12.10422 
Epoch=   29 learning rate   1.000000e-03  train error:  190.94462 test error:   11.97107 
Epoch=   30 learning rate   1.000000e-03  train error:  182.80241 test error:   11.83077 
Epoch=   31 learning rate   1.000000e-03  train error:  181.68467 test error:   11.62754 
Epoch=   32 learning rate   1.000000e-03  train error:  174.37891 test error:   11.70233 
Epoch=   33 learning rate   1.000000e-03  train error:  173.08341 test error:   10.49802 
Epoch=   34 learning rate   1.000000e-03  train error:  167.24729 test error:   10.24216 
Epoch=   35 learning rate   1.000000e-03  train error:  166.79310 test error:   10.73843 
Epoch=   36 learning rate   1.000000e-03  train error:  162.42497 test error:    9.88361 
Epoch=   37 learning rate   1.000000e-03  train error:  158.19633 test error:   10.11068 
Epoch=   38 learning rate   1.000000e-03  train error:  152.18234 test error:    9.64912 
Epoch=   39 learning rate   1.000000e-03  train error:  151.34558 test error:    9.64545 
Epoch=   40 learning rate   1.000000e-03  train error:  149.16258 test error:    9.90993 
Epoch=   41 learning rate   1.000000e-03  train error:  145.59123 test error:    9.22783 
Epoch=   42 learning rate   1.000000e-03  train error:  143.10649 test error:    8.61768 
Epoch=   43 learning rate   1.000000e-03  train error:  138.42824 test error:    9.80308 
Epoch=   44 learning rate   1.000000e-03  train error:  137.99597 test error:   10.40289 
Epoch=   45 learning rate   1.000000e-03  train error:  135.99727 test error:    8.71890 
Epoch=   46 learning rate   1.000000e-03  train error:  133.53516 test error:    8.69902 
Epoch=   47 learning rate   1.000000e-03  train error:  130.42458 test error:    8.22553 
Epoch=   49 learning rate   1.000000e-03  train error:  127.44343 test error:    8.55688 
Epoch=   51 learning rate   1.000000e-03  train error:  123.67475 test error:    7.90164 
Epoch=   54 learning rate   1.000000e-03  train error:  119.91657 test error:    9.69670 
Epoch=   56 learning rate   1.000000e-03  train error:  117.22196 test error:    7.99838 
Epoch=   57 learning rate   1.000000e-03  train error:  117.14487 test error:    8.83804 
Epoch=   59 learning rate   1.000000e-03  train error:  116.63290 test error:    7.73591 
Epoch=   60 learning rate   1.000000e-03  train error:  114.02775 test error:    7.92988 
Epoch=   62 learning rate   1.000000e-03  train error:  111.70650 test error:    7.26738 
Epoch=   64 learning rate   1.000000e-03  train error:  110.96961 test error:    7.24623 
Epoch=   66 learning rate   1.000000e-03  train error:  108.05444 test error:    7.19775 
Epoch=   68 learning rate   1.000000e-03  train error:  107.41593 test error:    7.39591 
Epoch=   69 learning rate   1.000000e-03  train error:  104.91961 test error:    7.56499 
Epoch=   76 learning rate   1.000000e-03  train error:  103.46132 test error:    6.95358 
Epoch=   77 learning rate   1.000000e-03  train error:  102.59386 test error:    6.61382 
Epoch=   80 learning rate   1.000000e-03  train error:  101.05686 test error:    7.05300 
Epoch=   82 learning rate   1.000000e-03  train error:   99.13461 test error:    6.67168 
Epoch=   87 learning rate   1.000000e-03  train error:   96.18159 test error:    7.70501 
Epoch=   93 learning rate   1.000000e-03  train error:   95.06710 test error:    6.30121 
Epoch=   99 learning rate   1.000000e-03  train error:   94.73326 test error:    6.42951 
2024-05-10-17_23_59 
terminated normal
