# column   1     --> step : The current simulation time step.
# column   2     --> time{picosecond} : The elapsed simulation time.
# column   3     --> potential{kelvin} : The physical system potential energy.
# column   4     --> kinetic_cv{kelvin} : The centroid-virial quantum kinetic energy of the physical system.
# column   5     --> conserved{kelvin} : The value of the conserved energy quantity per bead.
# column   6     --> temperature{kelvin} : The current temperature, as obtained from the MD kinetic energy.
# column   7     --> pressure_cv{bar} : The quantum estimator for pressure of the physical system.
# column   8     --> volume{angstrom3} : The volume of the cell box.
# column   9     --> density{g/cm3} : The mass density of the physical system.
    0.00000000e+00     0.00000000e+00    -4.92391587e+07     5.81392500e+05    -4.86550446e+07     3.01490535e+02     1.22339216e+03     3.13154447e+04     3.02855179e-01   
    1.00000000e+02     1.00000000e-01    -4.87482514e+07     5.81392500e+05    -4.86445083e+07     2.81276099e+02    -3.27616508e+02     3.30161295e+04     2.87254888e-01   
    2.00000000e+02     2.00000000e-01    -4.87526256e+07     5.81392500e+05    -4.86431544e+07     2.94799205e+02    -1.15759153e+03     3.38075992e+04     2.80529964e-01   
    3.00000000e+02     3.00000000e-01    -4.87095005e+07     5.81392500e+05    -4.86391693e+07     2.86195075e+02     1.65599801e+02     3.41619538e+04     2.77620087e-01   
    4.00000000e+02     4.00000000e-01    -4.87549418e+07     5.81392500e+05    -4.86374902e+07     3.03430484e+02    -6.43022409e+02     3.44974124e+04     2.74920463e-01   
    5.00000000e+02     5.00000000e-01    -4.87460552e+07     5.81392500e+05    -4.86341913e+07     3.01894846e+02    -1.61822551e+02     3.45170539e+04     2.74764023e-01   
    6.00000000e+02     6.00000000e-01    -4.87438630e+07     5.81392500e+05    -4.86345082e+07     2.90743056e+02     1.26031630e+03     3.51708971e+04     2.69656033e-01   
    7.00000000e+02     7.00000000e-01    -4.87407350e+07     5.81392500e+05    -4.86318118e+07     2.95386530e+02     1.31227065e+02     3.54751117e+04     2.67343615e-01   
    8.00000000e+02     8.00000000e-01    -4.87149954e+07     5.81392500e+05    -4.86295984e+07     3.03479374e+02    -3.72767065e+02     3.55222041e+04     2.66989192e-01   
    9.00000000e+02     9.00000000e-01    -4.87504483e+07     5.81392500e+05    -4.86273980e+07     3.00576424e+02     1.59034646e+02     3.56403330e+04     2.66104264e-01   
    1.00000000e+03     1.00000000e+00    -4.87353341e+07     5.81392500e+05    -4.86248687e+07     3.09069579e+02    -1.06484397e+03     3.57062852e+04     2.65612750e-01   
    1.10000000e+03     1.10000000e+00    -4.87235405e+07     5.81392500e+05    -4.86217834e+07     3.05629985e+02     1.28425124e+03     3.54099821e+04     2.67835339e-01   
    1.20000000e+03     1.20000000e+00    -4.87155689e+07     5.81392500e+05    -4.86215082e+07     2.98081677e+02     1.07998453e+02     3.58815738e+04     2.64315178e-01   
    1.30000000e+03     1.30000000e+00    -4.87308858e+07     5.81392500e+05    -4.86196342e+07     2.98982660e+02    -3.96931586e+02     3.53143245e+04     2.68560838e-01   
    1.40000000e+03     1.40000000e+00    -4.87309677e+07     5.81392500e+05    -4.86186009e+07     3.00833970e+02     4.08345313e+02     3.58971148e+04     2.64200748e-01   
    1.50000000e+03     1.50000000e+00    -4.87329154e+07     5.81392500e+05    -4.86140753e+07     2.88289063e+02    -1.77232524e+02     3.57736503e+04     2.65112576e-01   
    1.60000000e+03     1.60000000e+00    -4.87361962e+07     5.81392500e+05    -4.86132104e+07     2.96003553e+02     5.11181375e+02     3.53870281e+04     2.68009072e-01   
    1.70000000e+03     1.70000000e+00    -4.87520316e+07     5.81392500e+05    -4.86118050e+07     3.06102910e+02     5.31620147e+02     3.60600732e+04     2.63006804e-01   
    1.80000000e+03     1.80000000e+00    -4.87210694e+07     5.81392500e+05    -4.86107409e+07     3.04462133e+02     3.54634002e+02     3.65537464e+04     2.59454790e-01   
    1.90000000e+03     1.90000000e+00    -4.86992978e+07     5.81392500e+05    -4.86074883e+07     2.92797388e+02     9.42382173e+01     3.65857188e+04     2.59228051e-01   
    2.00000000e+03     2.00000000e+00    -4.86975720e+07     5.81392500e+05    -4.86094433e+07     2.98932748e+02     3.07487507e+02     3.65678443e+04     2.59354763e-01   
    2.10000000e+03     2.10000000e+00    -4.87074535e+07     5.81392500e+05    -4.86066519e+07     3.02123813e+02    -9.77928150e+02     3.66628677e+04     2.58682563e-01   
    2.20000000e+03     2.20000000e+00    -4.87204091e+07     5.81392500e+05    -4.86061837e+07     2.97553523e+02    -2.07987014e+02     3.64744597e+04     2.60018782e-01   
    2.30000000e+03     2.30000000e+00    -4.87242926e+07     5.81392500e+05    -4.86053808e+07     2.96392708e+02    -3.75813250e+02     3.71436635e+04     2.55334118e-01   
    2.40000000e+03     2.40000000e+00    -4.87532130e+07     5.81392500e+05    -4.86042612e+07     3.03711651e+02     7.27189713e+02     3.68899123e+04     2.57090462e-01   
    2.50000000e+03     2.50000000e+00    -4.87152517e+07     5.81392500e+05    -4.86024485e+07     3.00450460e+02     2.63456721e+02     3.69040871e+04     2.56991713e-01   
    2.60000000e+03     2.60000000e+00    -4.87165571e+07     5.81392500e+05    -4.86017298e+07     2.79655103e+02    -1.54008238e+02     3.67004670e+04     2.58417545e-01   
    2.70000000e+03     2.70000000e+00    -4.87116963e+07     5.81392500e+05    -4.85982169e+07     3.03328179e+02     5.61512462e+02     3.67771442e+04     2.57878767e-01   
    2.80000000e+03     2.80000000e+00    -4.87582600e+07     5.81392500e+05    -4.85987884e+07     3.00620616e+02     9.88675213e+01     3.70010362e+04     2.56318351e-01   
    2.90000000e+03     2.90000000e+00    -4.87360614e+07     5.81392500e+05    -4.85966777e+07     2.93106465e+02     9.06133047e+02     3.68791383e+04     2.57165569e-01   
    3.00000000e+03     3.00000000e+00    -4.87318897e+07     5.81392500e+05    -4.85951840e+07     3.02464393e+02    -3.02004205e+02     3.74933378e+04     2.52952795e-01   
    3.10000000e+03     3.10000000e+00    -4.87369517e+07     5.81392500e+05    -4.85935683e+07     2.97532141e+02     1.50154956e+01     3.69480878e+04     2.56685668e-01   
    3.20000000e+03     3.20000000e+00    -4.87424740e+07     5.81392500e+05    -4.85919268e+07     3.08271563e+02     3.62046327e+02     3.68895017e+04     2.57093323e-01   
    3.30000000e+03     3.30000000e+00    -4.87131677e+07     5.81392500e+05    -4.85895438e+07     3.00438448e+02    -3.37884160e+02     3.66677192e+04     2.58648337e-01   
    3.40000000e+03     3.40000000e+00    -4.87479209e+07     5.81392500e+05    -4.85876704e+07     3.06094215e+02     4.77675851e+00     3.64894469e+04     2.59911985e-01   
    3.50000000e+03     3.50000000e+00    -4.87048851e+07     5.81392500e+05    -4.85858548e+07     3.13605266e+02    -6.10643104e+02     3.62168043e+04     2.61868621e-01   
    3.60000000e+03     3.60000000e+00    -4.87120050e+07     5.81392500e+05    -4.85850149e+07     2.94505944e+02    -2.36627034e+02     3.63232595e+04     2.61101144e-01   
    3.70000000e+03     3.70000000e+00    -4.87486835e+07     5.81392500e+05    -4.85825921e+07     2.98085121e+02     1.08026073e+03     3.64963125e+04     2.59863091e-01   
    3.80000000e+03     3.80000000e+00    -4.87403560e+07     5.81392500e+05    -4.85816279e+07     3.07814486e+02    -5.12474764e+02     3.67209333e+04     2.58273517e-01   
    3.90000000e+03     3.90000000e+00    -4.87100964e+07     5.81392500e+05    -4.85809651e+07     2.96347697e+02    -2.56567224e+02     3.66527101e+04     2.58754252e-01   
    4.00000000e+03     4.00000000e+00    -4.87177475e+07     5.81392500e+05    -4.85775538e+07     2.98793200e+02    -1.80786994e+02     3.65675366e+04     2.59356945e-01   
    4.10000000e+03     4.10000000e+00    -4.87306975e+07     5.81392500e+05    -4.85761527e+07     2.95146993e+02     3.79063991e+02     3.71681395e+04     2.55165976e-01   
    4.20000000e+03     4.20000000e+00    -4.87167166e+07     5.81392500e+05    -4.85742225e+07     3.03316939e+02    -5.67674280e+02     3.76892177e+04     2.51638139e-01   
    4.30000000e+03     4.30000000e+00    -4.87506326e+07     5.81392500e+05    -4.85738540e+07     2.96199297e+02    -1.25836757e+02     3.78930404e+04     2.50284603e-01   
    4.40000000e+03     4.40000000e+00    -4.87164833e+07     5.81392500e+05    -4.85684863e+07     2.99766163e+02     9.33904280e+02     3.78386629e+04     2.50644285e-01   
    4.50000000e+03     4.50000000e+00    -4.87174108e+07     5.81392500e+05    -4.85665352e+07     3.06324931e+02    -4.44442457e+02     3.77162847e+04     2.51457551e-01   
    4.60000000e+03     4.60000000e+00    -4.87297378e+07     5.81392500e+05    -4.85652941e+07     3.05388954e+02    -2.80738863e+02     3.80637798e+04     2.49161923e-01   
    4.70000000e+03     4.70000000e+00    -4.87750525e+07     5.81392500e+05    -4.85653592e+07     2.81619656e+02    -5.47099598e+02     3.81439130e+04     2.48638481e-01   
    4.80000000e+03     4.80000000e+00    -4.87340849e+07     5.81392500e+05    -4.85618391e+07     2.88078474e+02     2.32020393e+02     3.80975451e+04     2.48941095e-01   
    4.90000000e+03     4.90000000e+00    -4.87485228e+07     5.81392500e+05    -4.85610791e+07     3.03222373e+02    -1.78327436e+02     3.79588983e+04     2.49850365e-01   
    5.00000000e+03     5.00000000e+00    -4.87358526e+07     5.81392500e+05    -4.85600098e+07     3.14501558e+02     6.03346384e+02     3.79410525e+04     2.49967883e-01   
    5.10000000e+03     5.10000000e+00    -4.87519240e+07     5.81392500e+05    -4.85579271e+07     2.94227420e+02     6.32944513e+02     3.74445415e+04     2.53282433e-01   
    5.20000000e+03     5.20000000e+00    -4.87182164e+07     5.81392500e+05    -4.85538176e+07     3.01421826e+02     1.29690613e+02     3.71899900e+04     2.55016056e-01   
    5.30000000e+03     5.30000000e+00    -4.87285610e+07     5.81392500e+05    -4.85524961e+07     2.95367349e+02     6.98040235e+00     3.78303153e+04     2.50699591e-01   
    5.40000000e+03     5.40000000e+00    -4.87300548e+07     5.81392500e+05    -4.85507450e+07     2.90589407e+02     8.46532944e+02     3.83772102e+04     2.47126994e-01   
    5.50000000e+03     5.50000000e+00    -4.87345274e+07     5.81392500e+05    -4.85462380e+07     3.04254384e+02     4.48775999e+02     3.82366844e+04     2.48035224e-01   
    5.60000000e+03     5.60000000e+00    -4.87355751e+07     5.81392500e+05    -4.85455653e+07     3.01693543e+02    -2.27297780e+02     3.86092147e+04     2.45641996e-01   
    5.70000000e+03     5.70000000e+00    -4.87414863e+07     5.81392500e+05    -4.85439973e+07     2.98695452e+02    -1.23380694e+02     3.80754823e+04     2.49085343e-01   
    5.80000000e+03     5.80000000e+00    -4.87229139e+07     5.81392500e+05    -4.85397585e+07     2.97457032e+02    -2.79973842e+02     3.76847740e+04     2.51667811e-01   
    5.90000000e+03     5.90000000e+00    -4.87412080e+07     5.81392500e+05    -4.85395806e+07     3.09763969e+02     4.34715261e+02     3.75877507e+04     2.52317428e-01   
    6.00000000e+03     6.00000000e+00    -4.87227758e+07     5.81392500e+05    -4.85362884e+07     3.11678307e+02     3.13572430e+02     3.72715401e+04     2.54458081e-01   
    6.10000000e+03     6.10000000e+00    -4.87548955e+07     5.81392500e+05    -4.85338734e+07     2.97267509e+02    -5.65687063e+01     3.72537621e+04     2.54579512e-01   
    6.20000000e+03     6.20000000e+00    -4.87485787e+07     5.81392500e+05    -4.85324045e+07     2.96001648e+02    -1.18042339e+03     3.71876763e+04     2.55031922e-01   
    6.30000000e+03     6.30000000e+00    -4.87414443e+07     5.81392500e+05    -4.85300326e+07     2.93991532e+02    -6.70876090e+02     3.73609032e+04     2.53849446e-01   
    6.40000000e+03     6.40000000e+00    -4.87366697e+07     5.81392500e+05    -4.85286166e+07     3.03040366e+02     5.73403406e+02     3.74979550e+04     2.52921649e-01   
    6.50000000e+03     6.50000000e+00    -4.87204864e+07     5.81392500e+05    -4.85272670e+07     2.97070928e+02     5.50165381e+02     3.74117411e+04     2.53504497e-01   
    6.60000000e+03     6.60000000e+00    -4.87103793e+07     5.81392500e+05    -4.85245347e+07     3.02615671e+02     5.66107993e+02     3.67746805e+04     2.57896043e-01   
    6.70000000e+03     6.70000000e+00    -4.87507439e+07     5.81392500e+05    -4.85214121e+07     2.99060318e+02    -6.52442544e+02     3.69040784e+04     2.56991775e-01   
    6.80000000e+03     6.80000000e+00    -4.87369208e+07     5.81392500e+05    -4.85205870e+07     2.93926587e+02    -3.67731938e+02     3.73159192e+04     2.54155459e-01   
    6.90000000e+03     6.90000000e+00    -4.87025632e+07     5.81392500e+05    -4.85146281e+07     3.00337402e+02    -2.60184933e+02     3.76580039e+04     2.51846715e-01   
    7.00000000e+03     7.00000000e+00    -4.87366102e+07     5.81392500e+05    -4.85146310e+07     3.01637066e+02     3.14646637e+02     3.76932520e+04     2.51611206e-01   
    7.10000000e+03     7.10000000e+00    -4.87477438e+07     5.81392500e+05    -4.85131987e+07     2.99928849e+02    -6.28512521e+02     3.77555933e+04     2.51195750e-01   
    7.20000000e+03     7.20000000e+00    -4.87254898e+07     5.81392500e+05    -4.85109448e+07     2.98844619e+02    -4.85347019e+02     3.72753431e+04     2.54432120e-01   
    7.30000000e+03     7.30000000e+00    -4.87189700e+07     5.81392500e+05    -4.85081228e+07     2.99351865e+02     6.87730762e+02     3.68780425e+04     2.57173211e-01   
    7.40000000e+03     7.40000000e+00    -4.87391142e+07     5.81392500e+05    -4.85086427e+07     2.89041457e+02    -5.76463064e+02     3.71483509e+04     2.55301901e-01   
    7.50000000e+03     7.50000000e+00    -4.87446062e+07     5.81392500e+05    -4.85064516e+07     2.78308516e+02    -7.04791689e+02     3.70039411e+04     2.56298230e-01   
    7.60000000e+03     7.60000000e+00    -4.87268394e+07     5.81392500e+05    -4.85034279e+07     3.06905147e+02     1.14855728e+03     3.67125013e+04     2.58332836e-01   
    7.70000000e+03     7.70000000e+00    -4.87336801e+07     5.81392500e+05    -4.85014088e+07     3.07334693e+02    -9.84019991e+02     3.75228385e+04     2.52753922e-01   
    7.80000000e+03     7.80000000e+00    -4.87542048e+07     5.81392500e+05    -4.85005386e+07     3.03452141e+02    -8.15204625e+02     3.70959388e+04     2.55662611e-01   
    7.90000000e+03     7.90000000e+00    -4.87177082e+07     5.81392500e+05    -4.84944107e+07     2.85358728e+02     1.20976278e+03     3.64948083e+04     2.59873802e-01   
    8.00000000e+03     8.00000000e+00    -4.87573404e+07     5.81392500e+05    -4.84956512e+07     3.05385818e+02     2.50908861e+02     3.65848594e+04     2.59234141e-01   
    8.10000000e+03     8.10000000e+00    -4.87570127e+07     5.81392500e+05    -4.84922179e+07     2.84975080e+02    -6.78921555e+02     3.62353319e+04     2.61734724e-01   
    8.20000000e+03     8.20000000e+00    -4.87114213e+07     5.81392500e+05    -4.84890028e+07     2.93977235e+02    -1.79050871e+02     3.64808824e+04     2.59973004e-01   
    8.30000000e+03     8.30000000e+00    -4.87108054e+07     5.81392500e+05    -4.84872325e+07     2.95024314e+02    -4.30612857e+01     3.64722865e+04     2.60034276e-01   
    8.40000000e+03     8.40000000e+00    -4.87071146e+07     5.81392500e+05    -4.84865486e+07     2.96574769e+02    -5.41527677e+02     3.61430527e+04     2.62402976e-01   
    8.50000000e+03     8.50000000e+00    -4.87325824e+07     5.81392500e+05    -4.84857484e+07     2.93510383e+02    -1.99971825e+02     3.63863001e+04     2.60648776e-01   
    8.60000000e+03     8.60000000e+00    -4.87385648e+07     5.81392500e+05    -4.84835638e+07     3.00463052e+02    -1.88731346e+02     3.62307461e+04     2.61767852e-01   
    8.70000000e+03     8.70000000e+00    -4.87323855e+07     5.81392500e+05    -4.84826823e+07     2.99245253e+02     1.88775075e+02     3.68055254e+04     2.57679913e-01   
    8.80000000e+03     8.80000000e+00    -4.87402979e+07     5.81392500e+05    -4.84831224e+07     2.96043983e+02    -3.24404699e+02     3.66098532e+04     2.59057160e-01   
    8.90000000e+03     8.90000000e+00    -4.87095348e+07     5.81392500e+05    -4.84791155e+07     3.02904237e+02     8.49617700e+02     3.73531091e+04     2.53902415e-01   
    9.00000000e+03     9.00000000e+00    -4.87403614e+07     5.81392500e+05    -4.84755126e+07     2.95258135e+02     5.37750942e+02     3.74411156e+04     2.53305609e-01   
    9.10000000e+03     9.10000000e+00    -4.87431780e+07     5.81392500e+05    -4.84737992e+07     2.91211895e+02     5.18554122e+02     3.73563373e+04     2.53880473e-01   
    9.20000000e+03     9.20000000e+00    -4.87172163e+07     5.81392500e+05    -4.84711909e+07     3.01858007e+02     1.85986994e+02     3.71235243e+04     2.55472635e-01   
    9.30000000e+03     9.30000000e+00    -4.87198281e+07     5.81392500e+05    -4.84700673e+07     2.92510834e+02    -1.44013604e+03     3.72636034e+04     2.54512278e-01   
    9.40000000e+03     9.40000000e+00    -4.87112335e+07     5.81392500e+05    -4.84669095e+07     2.92246487e+02     1.26932256e+01     3.74459881e+04     2.53272648e-01   
    9.50000000e+03     9.50000000e+00    -4.87071753e+07     5.81392500e+05    -4.84638685e+07     2.91212150e+02    -3.16305526e+02     3.77647077e+04     2.51135125e-01   
    9.60000000e+03     9.60000000e+00    -4.87579130e+07     5.81392500e+05    -4.84662734e+07     3.05788966e+02     3.56996971e+02     3.69904282e+04     2.56391857e-01   
    9.70000000e+03     9.70000000e+00    -4.87137899e+07     5.81392500e+05    -4.84635708e+07     2.91313523e+02    -7.36197522e+02     3.73984894e+04     2.53594323e-01   
    9.80000000e+03     9.80000000e+00    -4.87148211e+07     5.81392500e+05    -4.84609393e+07     2.85061327e+02     2.50362800e+02     3.70947977e+04     2.55670476e-01   
    9.90000000e+03     9.90000000e+00    -4.87396835e+07     5.81392500e+05    -4.84616358e+07     3.03745025e+02     4.26432499e+02     3.69424737e+04     2.56724676e-01   
    1.00000000e+04     1.00000000e+01    -4.87207350e+07     5.81392500e+05    -4.84600679e+07     2.93416336e+02    -7.34063368e+01     3.68762129e+04     2.57185970e-01   
    1.01000000e+04     1.01000000e+01    -4.87040209e+07     5.81392500e+05    -4.84588736e+07     2.96417651e+02     4.28435560e+02     3.68508168e+04     2.57363212e-01   
    1.02000000e+04     1.02000000e+01    -4.87426451e+07     5.81392500e+05    -4.84596194e+07     2.94389918e+02    -9.55636290e+02     3.70131920e+04     2.56234172e-01   
    1.03000000e+04     1.03000000e+01    -4.87330862e+07     5.81392500e+05    -4.84557340e+07     2.88256315e+02     3.92089727e+02     3.68981839e+04     2.57032829e-01   
    1.04000000e+04     1.04000000e+01    -4.87331780e+07     5.81392500e+05    -4.84552459e+07     2.95340567e+02    -7.33450864e+02     3.68201908e+04     2.57577280e-01   
    1.05000000e+04     1.05000000e+01    -4.87224439e+07     5.81392500e+05    -4.84542106e+07     3.02300775e+02    -8.38317446e+00     3.70198203e+04     2.56188294e-01   
    1.06000000e+04     1.06000000e+01    -4.87181616e+07     5.81392500e+05    -4.84513111e+07     2.93125334e+02     3.78357447e+02     3.65949965e+04     2.59162331e-01   
    1.07000000e+04     1.07000000e+01    -4.87223241e+07     5.81392500e+05    -4.84493999e+07     2.90523014e+02     1.94395301e+01     3.59103464e+04     2.64103401e-01   
    1.08000000e+04     1.08000000e+01    -4.87206823e+07     5.81392500e+05    -4.84480587e+07     3.00007819e+02    -8.95398093e+02     3.59292995e+04     2.63964083e-01   
    1.09000000e+04     1.09000000e+01    -4.87145369e+07     5.81392500e+05    -4.84487525e+07     2.92886844e+02    -5.25211190e+02     3.62580577e+04     2.61570674e-01   
    1.10000000e+04     1.10000000e+01    -4.87432604e+07     5.81392500e+05    -4.84473413e+07     2.91629858e+02    -1.45147513e+02     3.58665792e+04     2.64425680e-01   
    1.11000000e+04     1.11000000e+01    -4.87487345e+07     5.81392500e+05    -4.84462009e+07     2.93705981e+02     1.32413430e+02     3.59168135e+04     2.64055847e-01   
    1.12000000e+04     1.12000000e+01    -4.87264807e+07     5.81392500e+05    -4.84447637e+07     2.83120211e+02    -5.88039980e+01     3.60224052e+04     2.63281825e-01   
    1.13000000e+04     1.13000000e+01    -4.87080405e+07     5.81392500e+05    -4.84438105e+07     3.00238054e+02     1.17760136e+02     3.64216516e+04     2.60395786e-01   
    1.14000000e+04     1.14000000e+01    -4.87436328e+07     5.81392500e+05    -4.84418051e+07     2.96647286e+02     1.49302692e+02     3.65199550e+04     2.59694859e-01   
    1.15000000e+04     1.15000000e+01    -4.87323778e+07     5.81392500e+05    -4.84360031e+07     2.85764732e+02     3.12775115e+02     3.57012546e+04     2.65650177e-01   
    1.16000000e+04     1.16000000e+01    -4.87520767e+07     5.81392500e+05    -4.84340710e+07     2.89474244e+02    -1.02594862e+03     3.59145017e+04     2.64072843e-01   
    1.17000000e+04     1.17000000e+01    -4.87211541e+07     5.81392500e+05    -4.84325946e+07     2.98306538e+02     2.67404847e+02     3.53276741e+04     2.68459355e-01   
    1.18000000e+04     1.18000000e+01    -4.87285654e+07     5.81392500e+05    -4.84311826e+07     2.97765271e+02    -1.55772438e+03     3.56095479e+04     2.66334316e-01   
    1.19000000e+04     1.19000000e+01    -4.87278032e+07     5.81392500e+05    -4.84292204e+07     2.94700162e+02     1.42746023e+02     3.50498150e+04     2.70587579e-01   
    1.20000000e+04     1.20000000e+01    -4.87293260e+07     5.81392500e+05    -4.84281574e+07     3.00999766e+02    -2.29243330e+02     3.52355332e+04     2.69161376e-01   
    1.21000000e+04     1.21000000e+01    -4.87351440e+07     5.81392500e+05    -4.84263552e+07     2.98976671e+02     2.88507765e+02     3.51280546e+04     2.69984908e-01   
    1.22000000e+04     1.22000000e+01    -4.87732639e+07     5.81392500e+05    -4.84253623e+07     2.96713575e+02     1.21435566e+02     3.57424513e+04     2.65343989e-01   
    1.23000000e+04     1.23000000e+01    -4.87391696e+07     5.81392500e+05    -4.84220494e+07     2.88766206e+02    -4.54433074e+02     3.57977940e+04     2.64933772e-01   
    1.24000000e+04     1.24000000e+01    -4.87398398e+07     5.81392500e+05    -4.84224995e+07     3.06615433e+02    -1.06886696e+03     3.65977178e+04     2.59143060e-01   
    1.25000000e+04     1.25000000e+01    -4.87411371e+07     5.81392500e+05    -4.84195679e+07     2.97856344e+02    -8.39066191e+02     3.66275390e+04     2.58932073e-01   
    1.26000000e+04     1.26000000e+01    -4.87405109e+07     5.81392500e+05    -4.84174238e+07     2.97879624e+02    -7.75266716e+02     3.67140542e+04     2.58321910e-01   
    1.27000000e+04     1.27000000e+01    -4.87404687e+07     5.81392500e+05    -4.84144586e+07     3.01600227e+02    -4.07559314e+02     3.66136763e+04     2.59030109e-01   
    1.28000000e+04     1.28000000e+01    -4.87617422e+07     5.81392500e+05    -4.84155508e+07     2.98826978e+02    -5.19923462e+02     3.63829568e+04     2.60672728e-01   
    1.29000000e+04     1.29000000e+01    -4.87646262e+07     5.81392500e+05    -4.84138421e+07     3.06229487e+02     4.33671492e+02     3.57979086e+04     2.64932924e-01   
    1.30000000e+04     1.30000000e+01    -4.87257582e+07     5.81392500e+05    -4.84104727e+07     2.97437817e+02     1.13710018e+03     3.54403464e+04     2.67605866e-01   
    1.31000000e+04     1.31000000e+01    -4.87234242e+07     5.81392500e+05    -4.84079975e+07     3.07676782e+02     8.50339443e+01     3.62955429e+04     2.61300530e-01   
    1.32000000e+04     1.32000000e+01    -4.87440883e+07     5.81392500e+05    -4.84080541e+07     3.12464752e+02     1.40288952e+03     3.55113072e+04     2.67071120e-01   
    1.33000000e+04     1.33000000e+01    -4.87219610e+07     5.81392500e+05    -4.84059363e+07     3.03865305e+02     3.78163388e+02     3.55926466e+04     2.66460786e-01   
    1.34000000e+04     1.34000000e+01    -4.87430266e+07     5.81392500e+05    -4.84041343e+07     2.98646150e+02    -1.26748177e+02     3.56501947e+04     2.66030653e-01   
    1.35000000e+04     1.35000000e+01    -4.87350195e+07     5.81392500e+05    -4.84042209e+07     3.00597389e+02    -1.43076687e+03     3.65277376e+04     2.59639529e-01   
    1.36000000e+04     1.36000000e+01    -4.87345206e+07     5.81392500e+05    -4.84001942e+07     3.01334250e+02    -1.17734311e+03     3.64687808e+04     2.60059272e-01   
    1.37000000e+04     1.37000000e+01    -4.87203266e+07     5.81392500e+05    -4.83964117e+07     3.06203969e+02     8.09923468e+02     3.64745102e+04     2.60018422e-01   
    1.38000000e+04     1.38000000e+01    -4.87499068e+07     5.81392500e+05    -4.83974498e+07     3.06009383e+02     3.26297077e+02     3.66906021e+04     2.58487025e-01   
    1.39000000e+04     1.39000000e+01    -4.87058556e+07     5.81392500e+05    -4.83922261e+07     3.07381676e+02     1.06151963e+03     3.60890115e+04     2.62795909e-01   
    1.40000000e+04     1.40000000e+01    -4.87383855e+07     5.81392500e+05    -4.83919921e+07     2.89167085e+02    -3.07131185e+02     3.56931510e+04     2.65710489e-01   
    1.41000000e+04     1.41000000e+01    -4.87275146e+07     5.81392500e+05    -4.83906685e+07     3.13621091e+02    -2.61266192e+01     3.58272348e+04     2.64716064e-01   
    1.42000000e+04     1.42000000e+01    -4.87371159e+07     5.81392500e+05    -4.83895960e+07     2.96204212e+02     4.98460469e+02     3.55638909e+04     2.66676237e-01   
    1.43000000e+04     1.43000000e+01    -4.87412054e+07     5.81392500e+05    -4.83863569e+07     2.86931835e+02    -1.16726975e+02     3.53450040e+04     2.68327727e-01   
    1.44000000e+04     1.44000000e+01    -4.87325621e+07     5.81392500e+05    -4.83824076e+07     2.97208240e+02    -1.00476610e+03     3.55010843e+04     2.67148026e-01   
    1.45000000e+04     1.45000000e+01    -4.87311720e+07     5.81392500e+05    -4.83813047e+07     2.98923770e+02    -1.11380152e+02     3.55038214e+04     2.67127431e-01   
    1.46000000e+04     1.46000000e+01    -4.87505504e+07     5.81392500e+05    -4.83789510e+07     3.04579053e+02     7.84677304e+02     3.53352889e+04     2.68401502e-01   
    1.47000000e+04     1.47000000e+01    -4.87349184e+07     5.81392500e+05    -4.83769353e+07     2.85876210e+02    -5.79324825e+02     3.55647075e+04     2.66670113e-01   
    1.48000000e+04     1.48000000e+01    -4.87333159e+07     5.81392500e+05    -4.83761126e+07     3.12962666e+02    -6.24451008e+02     3.56325278e+04     2.66162553e-01   
    1.49000000e+04     1.49000000e+01    -4.87322323e+07     5.81392500e+05    -4.83743904e+07     2.95772144e+02    -1.65918355e+03     3.58624311e+04     2.64456265e-01   
    1.50000000e+04     1.50000000e+01    -4.87509135e+07     5.81392500e+05    -4.83733503e+07     2.96831825e+02     1.09874012e+03     3.54229674e+04     2.67737157e-01   
    1.51000000e+04     1.51000000e+01    -4.87307910e+07     5.81392500e+05    -4.83744059e+07     2.94971289e+02     6.83442872e+02     3.57543349e+04     2.65255797e-01   
    1.52000000e+04     1.52000000e+01    -4.87430737e+07     5.81392500e+05    -4.83717688e+07     3.06463478e+02    -4.25495705e+02     3.56368583e+04     2.66130210e-01   
    1.53000000e+04     1.53000000e+01    -4.87472991e+07     5.81392500e+05    -4.83701575e+07     2.95722642e+02     1.95086794e+02     3.53326759e+04     2.68421351e-01   
    1.54000000e+04     1.54000000e+01    -4.87176014e+07     5.81392500e+05    -4.83666866e+07     2.99505619e+02     3.57856065e+02     3.49486622e+04     2.71370747e-01   
    1.55000000e+04     1.55000000e+01    -4.87237635e+07     5.81392500e+05    -4.83647511e+07     2.99702248e+02    -2.48576427e+01     3.49285711e+04     2.71526841e-01   
    1.56000000e+04     1.56000000e+01    -4.87469951e+07     5.81392500e+05    -4.83641548e+07     2.87135200e+02    -1.75982442e+02     3.57375599e+04     2.65380306e-01   
    1.57000000e+04     1.57000000e+01    -4.87512161e+07     5.81392500e+05    -4.83610082e+07     2.84186226e+02    -1.20669374e+02     3.58005811e+04     2.64913146e-01   
    1.58000000e+04     1.58000000e+01    -4.87345466e+07     5.81392500e+05    -4.83584166e+07     2.98001437e+02     4.95217127e+02     3.57021264e+04     2.65643690e-01   
    1.59000000e+04     1.59000000e+01    -4.87591710e+07     5.81392500e+05    -4.83568664e+07     2.93763482e+02    -3.72589005e+01     3.53150635e+04     2.68555218e-01   
    1.60000000e+04     1.60000000e+01    -4.87302450e+07     5.81392500e+05    -4.83561352e+07     3.03205092e+02    -1.01711023e+03     3.60798955e+04     2.62862308e-01   
    1.61000000e+04     1.61000000e+01    -4.87358990e+07     5.81392500e+05    -4.83530301e+07     2.97199013e+02     8.54829860e+00     3.59961858e+04     2.63473598e-01   
    1.62000000e+04     1.62000000e+01    -4.87322178e+07     5.81392500e+05    -4.83515539e+07     2.99853429e+02    -9.36574630e+02     3.65497016e+04     2.59483502e-01   
    1.63000000e+04     1.63000000e+01    -4.87471553e+07     5.81392500e+05    -4.83514483e+07     2.93035662e+02    -4.22501457e+02     3.66535226e+04     2.58748516e-01   
    1.64000000e+04     1.64000000e+01    -4.87500085e+07     5.81392500e+05    -4.83480648e+07     2.88961639e+02     6.13661129e+02     3.59754885e+04     2.63625179e-01   
    1.65000000e+04     1.65000000e+01    -4.87600367e+07     5.81392500e+05    -4.83486904e+07     2.88002619e+02     1.40145930e+02     3.57755180e+04     2.65098736e-01   
    1.66000000e+04     1.66000000e+01    -4.87500525e+07     5.81392500e+05    -4.83458388e+07     2.90722827e+02    -4.45114342e+02     3.63823697e+04     2.60676934e-01   
    1.67000000e+04     1.67000000e+01    -4.87345980e+07     5.81392500e+05    -4.83441824e+07     2.90415556e+02    -2.27075295e+01     3.63162589e+04     2.61151475e-01   
    1.68000000e+04     1.68000000e+01    -4.87115779e+07     5.81392500e+05    -4.83415282e+07     3.05212021e+02    -4.06725740e+02     3.62098392e+04     2.61918992e-01   
    1.69000000e+04     1.69000000e+01    -4.87385303e+07     5.81392500e+05    -4.83415442e+07     3.07095109e+02    -2.70034286e+02     3.67610267e+04     2.57991831e-01   
    1.70000000e+04     1.70000000e+01    -4.87279649e+07     5.81392500e+05    -4.83432379e+07     2.93172155e+02     8.35040677e+01     3.68154084e+04     2.57610740e-01   
    1.71000000e+04     1.71000000e+01    -4.87350940e+07     5.81392500e+05    -4.83422105e+07     2.99803585e+02     3.29194685e+02     3.66462637e+04     2.58799769e-01   
    1.72000000e+04     1.72000000e+01    -4.87383510e+07     5.81392500e+05    -4.83405419e+07     2.94940113e+02    -7.69648865e+02     3.63924933e+04     2.60604419e-01   
    1.73000000e+04     1.73000000e+01    -4.87433599e+07     5.81392500e+05    -4.83388703e+07     2.92906409e+02     6.34243334e+02     3.61799560e+04     2.62135327e-01   
    1.74000000e+04     1.74000000e+01    -4.87275088e+07     5.81392500e+05    -4.83361584e+07     2.93039198e+02     7.77777528e+02     3.64341292e+04     2.60306608e-01   
    1.75000000e+04     1.75000000e+01    -4.87437854e+07     5.81392500e+05    -4.83367711e+07     3.06411751e+02    -2.73206361e+02     3.66360615e+04     2.58871839e-01   
    1.76000000e+04     1.76000000e+01    -4.87191199e+07     5.81392500e+05    -4.83343654e+07     3.00369748e+02     6.30280771e+02     3.65088671e+04     2.59773730e-01   
    1.77000000e+04     1.77000000e+01    -4.87229900e+07     5.81392500e+05    -4.83324799e+07     2.98814754e+02    -6.05310325e+02     3.63419471e+04     2.60966881e-01   
    1.78000000e+04     1.78000000e+01    -4.87502941e+07     5.81392500e+05    -4.83310485e+07     2.99672367e+02    -6.94772286e+02     3.60197195e+04     2.63301456e-01   
    1.79000000e+04     1.79000000e+01    -4.87450349e+07     5.81392500e+05    -4.83289984e+07     3.01371875e+02     8.73660651e+02     3.60722308e+04     2.62918161e-01   
    1.80000000e+04     1.80000000e+01    -4.87602736e+07     5.81392500e+05    -4.83281252e+07     2.90931696e+02     2.70091133e+02     3.50733205e+04     2.70406236e-01   
    1.81000000e+04     1.81000000e+01    -4.87522774e+07     5.81392500e+05    -4.83245022e+07     3.01764738e+02     4.43428925e+02     3.46602769e+04     2.73628645e-01   
    1.82000000e+04     1.82000000e+01    -4.87405972e+07     5.81392500e+05    -4.83225544e+07     2.93813435e+02    -7.76963378e+01     3.52165246e+04     2.69306659e-01   
    1.83000000e+04     1.83000000e+01    -4.87267110e+07     5.81392500e+05    -4.83212059e+07     2.87533382e+02    -1.20283124e+03     3.51617775e+04     2.69725971e-01   
    1.84000000e+04     1.84000000e+01    -4.87515437e+07     5.81392500e+05    -4.83189091e+07     2.94171366e+02    -3.24558664e+02     3.53759360e+04     2.68093107e-01   
    1.85000000e+04     1.85000000e+01    -4.87349095e+07     5.81392500e+05    -4.83183436e+07     2.94199062e+02     6.22171358e+02     3.53263243e+04     2.68469612e-01   
    1.86000000e+04     1.86000000e+01    -4.87210142e+07     5.81392500e+05    -4.83159010e+07     2.92747506e+02     1.28876905e+03     3.48816288e+04     2.71892252e-01   
    1.87000000e+04     1.87000000e+01    -4.87225823e+07     5.81392500e+05    -4.83127862e+07     2.94690094e+02     7.31526079e+02     3.47991754e+04     2.72536475e-01   
    1.88000000e+04     1.88000000e+01    -4.87333521e+07     5.81392500e+05    -4.83103196e+07     2.97366749e+02     8.97322419e+02     3.45900864e+04     2.74183894e-01   
    1.89000000e+04     1.89000000e+01    -4.87434568e+07     5.81392500e+05    -4.83110468e+07     3.00867532e+02    -1.25310158e+03     3.49469998e+04     2.71383657e-01   
    1.90000000e+04     1.90000000e+01    -4.87468105e+07     5.81392500e+05    -4.83132269e+07     2.98515203e+02    -1.87571670e+03     3.55327100e+04     2.66910252e-01   
    1.91000000e+04     1.91000000e+01    -4.87286804e+07     5.81392500e+05    -4.83110024e+07     3.05064262e+02     3.67175669e+01     3.53982106e+04     2.67924407e-01   
    1.92000000e+04     1.92000000e+01    -4.87349799e+07     5.81392500e+05    -4.83096702e+07     3.01234567e+02    -6.31910163e+02     3.53465708e+04     2.68315833e-01   
    1.93000000e+04     1.93000000e+01    -4.87305956e+07     5.81392500e+05    -4.83096470e+07     2.92546690e+02     6.88190444e+02     3.50365825e+04     2.70689774e-01   
    1.94000000e+04     1.94000000e+01    -4.87382401e+07     5.81392500e+05    -4.83070511e+07     2.96516987e+02    -1.43676723e+02     3.52303916e+04     2.69200658e-01   
    1.95000000e+04     1.95000000e+01    -4.86952369e+07     5.81392500e+05    -4.83046373e+07     2.95051433e+02    -1.39316558e+02     3.58067150e+04     2.64867766e-01   
    1.96000000e+04     1.96000000e+01    -4.87344673e+07     5.81392500e+05    -4.83033954e+07     3.04276104e+02     1.11055445e+03     3.57818408e+04     2.65051891e-01   
    1.97000000e+04     1.97000000e+01    -4.87307602e+07     5.81392500e+05    -4.83023758e+07     2.97143546e+02     4.02571025e+02     3.63914011e+04     2.60612241e-01   
    1.98000000e+04     1.98000000e+01    -4.87327316e+07     5.81392500e+05    -4.83000351e+07     3.00703314e+02    -9.62880700e+02     3.72522321e+04     2.54589968e-01   
    1.99000000e+04     1.99000000e+01    -4.87201643e+07     5.81392500e+05    -4.82975210e+07     3.04870295e+02    -2.26540098e+02     3.67973798e+04     2.57736954e-01   
    2.00000000e+04     2.00000000e+01    -4.87247357e+07     5.81392500e+05    -4.82983593e+07     2.86572273e+02    -6.39868883e+02     3.68280338e+04     2.57522425e-01   
    2.01000000e+04     2.01000000e+01    -4.87330027e+07     5.81392500e+05    -4.82960513e+07     2.93103019e+02     2.68517217e+02     3.66939738e+04     2.58463274e-01   
    2.02000000e+04     2.02000000e+01    -4.87512887e+07     5.81392500e+05    -4.82955013e+07     2.99589289e+02     1.44566108e+02     3.68042632e+04     2.57688750e-01   
    2.03000000e+04     2.03000000e+01    -4.87531036e+07     5.81392500e+05    -4.82951723e+07     3.03254497e+02     3.39530674e+02     3.63732531e+04     2.60742270e-01   
    2.04000000e+04     2.04000000e+01    -4.87163361e+07     5.81392500e+05    -4.82930134e+07     3.04279803e+02     1.66859192e+02     3.64887909e+04     2.59916658e-01   
    2.05000000e+04     2.05000000e+01    -4.87548476e+07     5.81392500e+05    -4.82923147e+07     3.07012092e+02    -4.31237919e+02     3.65649474e+04     2.59375310e-01   
    2.06000000e+04     2.06000000e+01    -4.87445224e+07     5.81392500e+05    -4.82908477e+07     2.93727357e+02     4.21696621e+02     3.65922941e+04     2.59181470e-01   
    2.07000000e+04     2.07000000e+01    -4.87386020e+07     5.81392500e+05    -4.82883074e+07     3.04189776e+02    -4.74376425e+02     3.64923591e+04     2.59891243e-01   
    2.08000000e+04     2.08000000e+01    -4.87479913e+07     5.81392500e+05    -4.82867944e+07     2.98084407e+02     8.02927466e+01     3.58384325e+04     2.64633354e-01   
    2.09000000e+04     2.09000000e+01    -4.87288759e+07     5.81392500e+05    -4.82860266e+07     2.95141415e+02    -6.55886327e+02     3.61758244e+04     2.62165265e-01   
    2.10000000e+04     2.10000000e+01    -4.87446049e+07     5.81392500e+05    -4.82851513e+07     3.06416391e+02    -1.62883752e+02     3.66469155e+04     2.58795166e-01   
    2.11000000e+04     2.11000000e+01    -4.87450006e+07     5.81392500e+05    -4.82822553e+07     2.87734028e+02     5.83975845e+02     3.63168878e+04     2.61146953e-01   
    2.12000000e+04     2.12000000e+01    -4.87315160e+07     5.81392500e+05    -4.82803506e+07     3.12101118e+02    -4.89668477e+01     3.62295665e+04     2.61776375e-01   
    2.13000000e+04     2.13000000e+01    -4.87286850e+07     5.81392500e+05    -4.82811873e+07     3.08669512e+02    -2.30315154e+02     3.59617332e+04     2.63726015e-01   
    2.14000000e+04     2.14000000e+01    -4.87498874e+07     5.81392500e+05    -4.82826187e+07     2.96888711e+02     1.38873854e+03     3.56756691e+04     2.65840692e-01   
    2.15000000e+04     2.15000000e+01    -4.87517945e+07     5.81392500e+05    -4.82808620e+07     3.03175085e+02     3.43572064e+02     3.54711409e+04     2.67373542e-01   
    2.16000000e+04     2.16000000e+01    -4.87349943e+07     5.81392500e+05    -4.82789246e+07     3.08543517e+02    -8.23677272e+02     3.61656857e+04     2.62238760e-01   
    2.17000000e+04     2.17000000e+01    -4.87554615e+07     5.81392500e+05    -4.82774535e+07     2.97627908e+02    -6.02497095e+02     3.60577796e+04     2.63023533e-01   
    2.18000000e+04     2.18000000e+01    -4.87453956e+07     5.81392500e+05    -4.82753613e+07     2.91325021e+02     3.81440285e+02     3.51456618e+04     2.69849652e-01   
    2.19000000e+04     2.19000000e+01    -4.87385876e+07     5.81392500e+05    -4.82749188e+07     3.01285844e+02     4.89436596e+01     3.55473676e+04     2.66800195e-01   
    2.20000000e+04     2.20000000e+01    -4.87211666e+07     5.81392500e+05    -4.82737937e+07     3.02801460e+02    -4.47269436e+02     3.44216106e+04     2.75525881e-01   
    2.21000000e+04     2.21000000e+01    -4.87396563e+07     5.81392500e+05    -4.82750546e+07     3.07530361e+02     3.19239020e+02     3.45749756e+04     2.74303724e-01   
    2.22000000e+04     2.22000000e+01    -4.87578854e+07     5.81392500e+05    -4.82732971e+07     2.94002943e+02    -1.14055285e+03     3.44344290e+04     2.75423315e-01   
    2.23000000e+04     2.23000000e+01    -4.87684349e+07     5.81392500e+05    -4.82736319e+07     3.05453178e+02     2.83811167e+02     3.41553437e+04     2.77673815e-01   
    2.24000000e+04     2.24000000e+01    -4.87361539e+07     5.81392500e+05    -4.82699394e+07     2.94964161e+02     1.64899287e+03     3.49176104e+04     2.71612074e-01   
    2.25000000e+04     2.25000000e+01    -4.87292243e+07     5.81392500e+05    -4.82655048e+07     2.96247586e+02     2.64726128e+02     3.51796045e+04     2.69589290e-01   
    2.26000000e+04     2.26000000e+01    -4.87700104e+07     5.81392500e+05    -4.82686985e+07     2.92942479e+02    -3.65739069e+02     3.49920016e+04     2.71034641e-01   
    2.27000000e+04     2.27000000e+01    -4.87554863e+07     5.81392500e+05    -4.82663082e+07     3.01121006e+02     2.89467549e+02     3.50867396e+04     2.70302818e-01   
    2.28000000e+04     2.28000000e+01    -4.87476845e+07     5.81392500e+05    -4.82655727e+07     3.04018396e+02     1.70447600e+02     3.51956142e+04     2.69466659e-01   
    2.29000000e+04     2.29000000e+01    -4.87630629e+07     5.81392500e+05    -4.82643942e+07     3.01925545e+02     2.86834325e+02     3.50228708e+04     2.70795751e-01   
    2.30000000e+04     2.30000000e+01    -4.87143322e+07     5.81392500e+05    -4.82639102e+07     2.98970828e+02    -8.66559371e+01     3.54492164e+04     2.67538907e-01   
    2.31000000e+04     2.31000000e+01    -4.87531762e+07     5.81392500e+05    -4.82600068e+07     2.99173224e+02    -2.16219671e+02     3.50666605e+04     2.70457593e-01   
    2.32000000e+04     2.32000000e+01    -4.87260795e+07     5.81392500e+05    -4.82579988e+07     2.93497336e+02    -2.00271531e+02     3.52612857e+04     2.68964798e-01   
    2.33000000e+04     2.33000000e+01    -4.87232041e+07     5.81392500e+05    -4.82552667e+07     2.85066779e+02     3.55177107e+02     3.53565361e+04     2.68240208e-01   
    2.34000000e+04     2.34000000e+01    -4.87424946e+07     5.81392500e+05    -4.82551403e+07     2.95637166e+02     7.61480732e+02     3.52673124e+04     2.68918836e-01   
    2.35000000e+04     2.35000000e+01    -4.87778075e+07     5.81392500e+05    -4.82525608e+07     3.00285905e+02    -1.65921531e+01     3.51188767e+04     2.70055466e-01   
    2.36000000e+04     2.36000000e+01    -4.87331004e+07     5.81392500e+05    -4.82490043e+07     3.00690030e+02     1.12421412e+03     3.48681582e+04     2.71997291e-01   
    2.37000000e+04     2.37000000e+01    -4.87346113e+07     5.81392500e+05    -4.82498612e+07     2.86772901e+02    -7.62226079e+02     3.47964033e+04     2.72558187e-01   
    2.38000000e+04     2.38000000e+01    -4.87598752e+07     5.81392500e+05    -4.82487709e+07     2.96735409e+02    -5.59372153e+02     3.51146867e+04     2.70087689e-01   
    2.39000000e+04     2.39000000e+01    -4.87511257e+07     5.81392500e+05    -4.82472203e+07     2.95616870e+02    -6.17227657e+02     3.53330458e+04     2.68418540e-01   
    2.40000000e+04     2.40000000e+01    -4.87365133e+07     5.81392500e+05    -4.82448135e+07     2.97357537e+02     1.01466050e+01     3.57335592e+04     2.65410018e-01   
    2.41000000e+04     2.41000000e+01    -4.87360133e+07     5.81392500e+05    -4.82418409e+07     3.02699642e+02    -9.13676825e+02     3.62002082e+04     2.61988675e-01   
    2.42000000e+04     2.42000000e+01    -4.87466809e+07     5.81392500e+05    -4.82409754e+07     2.94139362e+02    -8.20343064e+02     3.61207968e+04     2.62564656e-01   
    2.43000000e+04     2.43000000e+01    -4.87323045e+07     5.81392500e+05    -4.82386567e+07     2.94366952e+02     3.37899220e+02     3.58110884e+04     2.64835419e-01   
    2.44000000e+04     2.44000000e+01    -4.87427996e+07     5.81392500e+05    -4.82366963e+07     3.07734949e+02    -4.36510284e+02     3.57366628e+04     2.65386968e-01   
    2.45000000e+04     2.45000000e+01    -4.87331666e+07     5.81392500e+05    -4.82367131e+07     2.95489952e+02    -4.95440987e+02     3.63182607e+04     2.61137081e-01   
    2.46000000e+04     2.46000000e+01    -4.87224545e+07     5.81392500e+05    -4.82382894e+07     2.87933008e+02    -5.74528586e+02     3.69241906e+04     2.56851794e-01   
    2.47000000e+04     2.47000000e+01    -4.87477481e+07     5.81392500e+05    -4.82379434e+07     3.01815196e+02    -2.96310796e+02     3.73718661e+04     2.53774980e-01   
    2.48000000e+04     2.48000000e+01    -4.87148220e+07     5.81392500e+05    -4.82357492e+07     3.01317820e+02    -4.51656231e+01     3.81292025e+04     2.48734407e-01   
    2.49000000e+04     2.49000000e+01    -4.87232527e+07     5.81392500e+05    -4.82353772e+07     2.99882468e+02    -9.45416885e+02     3.81851280e+04     2.48370114e-01   
    2.50000000e+04     2.50000000e+01    -4.87209711e+07     5.81392500e+05    -4.82345327e+07     3.08111222e+02    -2.20149494e+02     3.73952237e+04     2.53616469e-01   
    2.51000000e+04     2.51000000e+01    -4.87299675e+07     5.81392500e+05    -4.82331219e+07     2.88781651e+02    -1.56542407e+02     3.69502691e+04     2.56670515e-01   
    2.52000000e+04     2.52000000e+01    -4.87296648e+07     5.81392500e+05    -4.82319737e+07     2.98366585e+02    -8.38188128e+02     3.72298448e+04     2.54743060e-01   
    2.53000000e+04     2.53000000e+01    -4.87173821e+07     5.81392500e+05    -4.82292413e+07     2.89317984e+02     1.13075089e+02     3.71620233e+04     2.55207972e-01   
    2.54000000e+04     2.54000000e+01    -4.87135132e+07     5.81392500e+05    -4.82274018e+07     2.98842079e+02    -5.23860075e+01     3.71091791e+04     2.55571393e-01   
    2.55000000e+04     2.55000000e+01    -4.87071536e+07     5.81392500e+05    -4.82260594e+07     2.91625186e+02     5.74943226e+02     3.68441908e+04     2.57409496e-01   
    2.56000000e+04     2.56000000e+01    -4.87167741e+07     5.81392500e+05    -4.82265983e+07     2.98132817e+02     7.22983650e+01     3.72273087e+04     2.54760414e-01   
    2.57000000e+04     2.57000000e+01    -4.87291728e+07     5.81392500e+05    -4.82249595e+07     2.94152245e+02    -2.82218564e+02     3.70615434e+04     2.55899882e-01   
    2.58000000e+04     2.58000000e+01    -4.87362800e+07     5.81392500e+05    -4.82217307e+07     2.94988287e+02    -1.80681976e+02     3.69906793e+04     2.56390117e-01   
    2.59000000e+04     2.59000000e+01    -4.87203964e+07     5.81392500e+05    -4.82210643e+07     2.95302697e+02    -7.84947288e+01     3.61760893e+04     2.62163345e-01   
    2.60000000e+04     2.60000000e+01    -4.87365959e+07     5.81392500e+05    -4.82217082e+07     3.06396445e+02    -5.75455507e+02     3.64913943e+04     2.59898115e-01   
    2.61000000e+04     2.61000000e+01    -4.87411387e+07     5.81392500e+05    -4.82194507e+07     3.01823524e+02     6.92001300e+02     3.63858498e+04     2.60652002e-01   
    2.62000000e+04     2.62000000e+01    -4.87487711e+07     5.81392500e+05    -4.82195218e+07     3.01522492e+02    -5.85822758e+02     3.68094007e+04     2.57652785e-01   
    2.63000000e+04     2.63000000e+01    -4.87219581e+07     5.81392500e+05    -4.82161730e+07     2.76993991e+02    -2.96884526e+02     3.71403479e+04     2.55356913e-01   
    2.64000000e+04     2.64000000e+01    -4.87533899e+07     5.81392500e+05    -4.82160351e+07     3.02931467e+02     6.15583059e+02     3.74841102e+04     2.53015065e-01   
    2.65000000e+04     2.65000000e+01    -4.87135497e+07     5.81392500e+05    -4.82144120e+07     3.06858380e+02     1.19032773e+03     3.70803495e+04     2.55770097e-01   
    2.66000000e+04     2.66000000e+01    -4.87287754e+07     5.81392500e+05    -4.82137262e+07     2.95690705e+02     1.78423122e+02     3.77105696e+04     2.51495660e-01   
    2.67000000e+04     2.67000000e+01    -4.87323541e+07     5.81392500e+05    -4.82132175e+07     3.10182193e+02     1.69590599e+02     3.78830569e+04     2.50350562e-01   
    2.68000000e+04     2.68000000e+01    -4.87411464e+07     5.81392500e+05    -4.82131047e+07     2.93251106e+02    -3.78862099e+02     3.75684998e+04     2.52446721e-01   
    2.69000000e+04     2.69000000e+01    -4.87428555e+07     5.81392500e+05    -4.82130378e+07     2.95771497e+02    -3.78320379e+02     3.76829745e+04     2.51679829e-01   
    2.70000000e+04     2.70000000e+01    -4.87031241e+07     5.81392500e+05    -4.82103404e+07     2.91900052e+02    -4.15267615e+01     3.82557820e+04     2.47911403e-01   
    2.71000000e+04     2.71000000e+01    -4.87464891e+07     5.81392500e+05    -4.82082976e+07     2.99877603e+02    -5.34220964e+01     3.80771073e+04     2.49074713e-01   
    2.72000000e+04     2.72000000e+01    -4.87421411e+07     5.81392500e+05    -4.82076210e+07     2.90986352e+02    -6.52273041e+01     3.82040312e+04     2.48247221e-01   
    2.73000000e+04     2.73000000e+01    -4.87249561e+07     5.81392500e+05    -4.82054569e+07     3.01902002e+02     1.72440846e+02     3.83023520e+04     2.47609979e-01   
    2.74000000e+04     2.74000000e+01    -4.87429514e+07     5.81392500e+05    -4.82030378e+07     2.88547442e+02    -6.86387982e+02     3.83306415e+04     2.47427234e-01   
    2.75000000e+04     2.75000000e+01    -4.87187821e+07     5.81392500e+05    -4.82003535e+07     2.89197842e+02     6.85566877e+02     3.85049369e+04     2.46307236e-01   
    2.76000000e+04     2.76000000e+01    -4.87396918e+07     5.81392500e+05    -4.82012634e+07     3.11027762e+02    -4.03061832e+01     3.87686669e+04     2.44631692e-01   
    2.77000000e+04     2.77000000e+01    -4.87312189e+07     5.81392500e+05    -4.82007938e+07     3.00024389e+02    -4.04662235e+02     3.85738962e+04     2.45866908e-01   
    2.78000000e+04     2.78000000e+01    -4.87253247e+07     5.81392500e+05    -4.81961684e+07     3.07279038e+02     2.10104867e+02     3.84963951e+04     2.46361888e-01   
    2.79000000e+04     2.79000000e+01    -4.87274556e+07     5.81392500e+05    -4.81947612e+07     3.04854103e+02    -4.16986398e+02     3.81970245e+04     2.48292759e-01   
    2.80000000e+04     2.80000000e+01    -4.87257707e+07     5.81392500e+05    -4.81917308e+07     2.95745362e+02     1.24401395e+03     3.82407837e+04     2.48008636e-01   
    2.81000000e+04     2.81000000e+01    -4.87251799e+07     5.81392500e+05    -4.81892244e+07     2.98885561e+02     4.34766961e+02     3.77877461e+04     2.50982013e-01   
    2.82000000e+04     2.82000000e+01    -4.87270065e+07     5.81392500e+05    -4.81873526e+07     2.88026047e+02     1.92563407e+02     3.73001507e+04     2.54262903e-01   
    2.83000000e+04     2.83000000e+01    -4.87196725e+07     5.81392500e+05    -4.81859772e+07     3.03282135e+02     4.05505744e+02     3.70248372e+04     2.56153580e-01   
    2.84000000e+04     2.84000000e+01    -4.87428456e+07     5.81392500e+05    -4.81855850e+07     2.90675859e+02     8.37894710e+02     3.69418361e+04     2.56729107e-01   
    2.85000000e+04     2.85000000e+01    -4.87218436e+07     5.81392500e+05    -4.81846622e+07     3.03939682e+02    -4.60587987e+02     3.68781756e+04     2.57172282e-01   
    2.86000000e+04     2.86000000e+01    -4.87377084e+07     5.81392500e+05    -4.81841304e+07     2.99737980e+02     3.81322985e+02     3.70579577e+04     2.55924642e-01   
    2.87000000e+04     2.87000000e+01    -4.87429377e+07     5.81392500e+05    -4.81807027e+07     3.07222550e+02    -5.17912650e+02     3.74181820e+04     2.53460860e-01   
    2.88000000e+04     2.88000000e+01    -4.87368528e+07     5.81392500e+05    -4.81781772e+07     2.96362068e+02    -1.44676753e+02     3.74386054e+04     2.53322593e-01   
    2.89000000e+04     2.89000000e+01    -4.87393851e+07     5.81392500e+05    -4.81743055e+07     2.92530564e+02     3.45840596e+02     3.68868710e+04     2.57111658e-01   
    2.90000000e+04     2.90000000e+01    -4.87568962e+07     5.81392500e+05    -4.81738895e+07     2.95785684e+02    -1.20849111e+03     3.74170994e+04     2.53468193e-01   
    2.91000000e+04     2.91000000e+01    -4.87708738e+07     5.81392500e+05    -4.81734655e+07     3.02280078e+02    -2.09659075e+01     3.73438713e+04     2.53965223e-01   
    2.92000000e+04     2.92000000e+01    -4.87462083e+07     5.81392500e+05    -4.81699256e+07     2.92758139e+02     3.12490705e+02     3.72361364e+04     2.54700017e-01   
    2.93000000e+04     2.93000000e+01    -4.87493899e+07     5.81392500e+05    -4.81712620e+07     3.11014425e+02     1.89289537e+02     3.77704209e+04     2.51097138e-01   
    2.94000000e+04     2.94000000e+01    -4.87457173e+07     5.81392500e+05    -4.81681649e+07     2.91951033e+02     1.13744525e+02     3.69576251e+04     2.56619428e-01   
    2.95000000e+04     2.95000000e+01    -4.87238992e+07     5.81392500e+05    -4.81669845e+07     2.91671671e+02    -6.23028037e+02     3.67563211e+04     2.58024859e-01   
    2.96000000e+04     2.96000000e+01    -4.87645951e+07     5.81392500e+05    -4.81667876e+07     3.01187261e+02     4.95513912e+02     3.69843502e+04     2.56433992e-01   
    2.97000000e+04     2.97000000e+01    -4.87327875e+07     5.81392500e+05    -4.81631223e+07     3.10729414e+02     2.73389333e+02     3.72137282e+04     2.54853385e-01   
    2.98000000e+04     2.98000000e+01    -4.87344875e+07     5.81392500e+05    -4.81634395e+07     2.85835651e+02    -1.10204196e+03     3.73884040e+04     2.53662729e-01   
    2.99000000e+04     2.99000000e+01    -4.87285841e+07     5.81392500e+05    -4.81634147e+07     3.14145712e+02    -4.26532117e+02     3.73545397e+04     2.53892690e-01   
    3.00000000e+04     3.00000000e+01    -4.87266954e+07     5.81392500e+05    -4.81608594e+07     3.10065496e+02    -5.61058751e+02     3.75021264e+04     2.52893516e-01   
    3.01000000e+04     3.01000000e+01    -4.87233267e+07     5.81392500e+05    -4.81581086e+07     3.07713420e+02     1.92135507e+02     3.77256999e+04     2.51394795e-01   
    3.02000000e+04     3.02000000e+01    -4.87202175e+07     5.81392500e+05    -4.81543046e+07     3.00094529e+02     2.05158482e+02     3.77305262e+04     2.51362638e-01   
    3.03000000e+04     3.03000000e+01    -4.87260432e+07     5.81392500e+05    -4.81568457e+07     2.91298920e+02    -2.46503114e+02     3.74847726e+04     2.53010594e-01   
    3.04000000e+04     3.04000000e+01    -4.87182379e+07     5.81392500e+05    -4.81540338e+07     2.86411935e+02     7.83588938e+02     3.69536906e+04     2.56646750e-01   
    3.05000000e+04     3.05000000e+01    -4.87098925e+07     5.81392500e+05    -4.81503712e+07     3.09282913e+02    -6.13051632e+02     3.67845200e+04     2.57827059e-01   
    3.06000000e+04     3.06000000e+01    -4.87111339e+07     5.81392500e+05    -4.81487795e+07     2.97085063e+02    -9.06423762e+01     3.63820785e+04     2.60679020e-01   
    3.07000000e+04     3.07000000e+01    -4.87211856e+07     5.81392500e+05    -4.81469196e+07     2.95181073e+02     8.82490031e+02     3.59027688e+04     2.64159141e-01   
    3.08000000e+04     3.08000000e+01    -4.87548000e+07     5.81392500e+05    -4.81443927e+07     3.07062412e+02     4.86612991e+02     3.63664223e+04     2.60791246e-01   
    3.09000000e+04     3.09000000e+01    -4.87235206e+07     5.81392500e+05    -4.81414050e+07     3.00768028e+02    -9.21527227e+02     3.65222373e+04     2.59678631e-01   
    3.10000000e+04     3.10000000e+01    -4.87388882e+07     5.81392500e+05    -4.81394819e+07     3.05286777e+02    -5.54950833e+02     3.55681954e+04     2.66643963e-01   
    3.11000000e+04     3.11000000e+01    -4.87065150e+07     5.81392500e+05    -4.81375234e+07     2.98683488e+02     7.16654639e+02     3.56613804e+04     2.65947209e-01   
    3.12000000e+04     3.12000000e+01    -4.87307031e+07     5.81392500e+05    -4.81380963e+07     2.94616500e+02    -1.94848947e+02     3.64472880e+04     2.60212628e-01   
    3.13000000e+04     3.13000000e+01    -4.87406946e+07     5.81392500e+05    -4.81346882e+07     2.97640299e+02     2.35028433e+02     3.69236055e+04     2.56855864e-01   
    3.14000000e+04     3.14000000e+01    -4.87536645e+07     5.81392500e+05    -4.81343222e+07     3.09118451e+02    -6.64190190e+02     3.68276243e+04     2.57525289e-01   
    3.15000000e+04     3.15000000e+01    -4.87223775e+07     5.81392500e+05    -4.81326338e+07     2.98091336e+02    -4.38396859e+02     3.64604856e+04     2.60118439e-01   
    3.16000000e+04     3.16000000e+01    -4.87338943e+07     5.81392500e+05    -4.81318849e+07     2.95831960e+02    -6.51540630e+02     3.69198838e+04     2.56881756e-01   
    3.17000000e+04     3.17000000e+01    -4.87165604e+07     5.81392500e+05    -4.81280774e+07     2.99024005e+02     4.68266811e+02     3.66288874e+04     2.58922540e-01   
    3.18000000e+04     3.18000000e+01    -4.87523427e+07     5.81392500e+05    -4.81282044e+07     3.08568324e+02    -1.92797854e+02     3.66826114e+04     2.58543332e-01   
    3.19000000e+04     3.19000000e+01    -4.87123398e+07     5.81392500e+05    -4.81261766e+07     2.90968428e+02    -1.76420539e+02     3.64612350e+04     2.60113092e-01   
    3.20000000e+04     3.20000000e+01    -4.87305697e+07     5.81392500e+05    -4.81241754e+07     3.02275603e+02     3.07559534e+02     3.63443133e+04     2.60949891e-01   
    3.21000000e+04     3.21000000e+01    -4.87143408e+07     5.81392500e+05    -4.81234090e+07     3.14085860e+02    -8.63696385e+02     3.63449310e+04     2.60945456e-01   
    3.22000000e+04     3.22000000e+01    -4.87269366e+07     5.81392500e+05    -4.81206550e+07     3.07099573e+02    -7.81288927e+02     3.62910949e+04     2.61332556e-01   
    3.23000000e+04     3.23000000e+01    -4.87523308e+07     5.81392500e+05    -4.81213148e+07     2.84984209e+02     1.13938605e+02     3.65343041e+04     2.59592863e-01   
    3.24000000e+04     3.24000000e+01    -4.87233607e+07     5.81392500e+05    -4.81170172e+07     3.09411730e+02    -6.39349190e+02     3.71405479e+04     2.55355538e-01   
    3.25000000e+04     3.25000000e+01    -4.87314521e+07     5.81392500e+05    -4.81158578e+07     2.96450061e+02    -3.31489958e+02     3.64691177e+04     2.60056870e-01   
    3.26000000e+04     3.26000000e+01    -4.87401376e+07     5.81392500e+05    -4.81156195e+07     2.93973218e+02    -8.99690327e+01     3.61269789e+04     2.62519725e-01   
    3.27000000e+04     3.27000000e+01    -4.87450576e+07     5.81392500e+05    -4.81121988e+07     2.99541998e+02    -5.81792646e+02     3.56954519e+04     2.65693361e-01   
    3.28000000e+04     3.28000000e+01    -4.87273244e+07     5.81392500e+05    -4.81117463e+07     2.95279863e+02     3.37136867e+02     3.56312469e+04     2.66172122e-01   
    3.29000000e+04     3.29000000e+01    -4.87323926e+07     5.81392500e+05    -4.81121325e+07     2.85689044e+02    -1.52749862e+02     3.55375925e+04     2.66873581e-01   
    3.30000000e+04     3.30000000e+01    -4.87448696e+07     5.81392500e+05    -4.81102353e+07     2.94119933e+02    -3.39936912e+02     3.51575853e+04     2.69758134e-01   
    3.31000000e+04     3.31000000e+01    -4.87277157e+07     5.81392500e+05    -4.81056882e+07     3.01911278e+02     4.06733307e+02     3.54981723e+04     2.67169941e-01   
    3.32000000e+04     3.32000000e+01    -4.87204761e+07     5.81392500e+05    -4.81032989e+07     2.87696224e+02    -7.98069841e+02     3.57812462e+04     2.65056296e-01   
    3.33000000e+04     3.33000000e+01    -4.87117560e+07     5.81392500e+05    -4.81007748e+07     2.88171414e+02     2.38095631e+02     3.52414868e+04     2.69115904e-01   
    3.34000000e+04     3.34000000e+01    -4.87655941e+07     5.81392500e+05    -4.81023552e+07     2.76589241e+02    -5.99245992e+02     3.49752704e+04     2.71164296e-01   
    3.35000000e+04     3.35000000e+01    -4.87405480e+07     5.81392500e+05    -4.81005509e+07     3.07129882e+02    -2.75010617e+02     3.50473595e+04     2.70606537e-01   
    3.36000000e+04     3.36000000e+01    -4.87518568e+07     5.81392500e+05    -4.80985076e+07     3.06258924e+02     1.16000072e+03     3.47825279e+04     2.72666915e-01   
    3.37000000e+04     3.37000000e+01    -4.87472826e+07     5.81392500e+05    -4.80977584e+07     2.93518024e+02    -6.20759566e+02     3.55662416e+04     2.66658611e-01   
    3.38000000e+04     3.38000000e+01    -4.87203267e+07     5.81392500e+05    -4.80951560e+07     3.05233508e+02    -7.46396242e+02     3.54897152e+04     2.67233606e-01   
    3.39000000e+04     3.39000000e+01    -4.87578893e+07     5.81392500e+05    -4.80958802e+07     2.85398885e+02    -2.19230611e+02     3.55558598e+04     2.66736471e-01   
    3.40000000e+04     3.40000000e+01    -4.87514596e+07     5.81392500e+05    -4.80921073e+07     2.98434487e+02    -4.55263456e+02     3.53120304e+04     2.68578286e-01   
    3.41000000e+04     3.41000000e+01    -4.87407227e+07     5.81392500e+05    -4.80912160e+07     3.02377333e+02     3.77149786e+02     3.53630050e+04     2.68191139e-01   
    3.42000000e+04     3.42000000e+01    -4.87355918e+07     5.81392500e+05    -4.80903940e+07     2.99979466e+02     3.64780070e+01     3.55303844e+04     2.66927722e-01   
    3.43000000e+04     3.43000000e+01    -4.87324057e+07     5.81392500e+05    -4.80891410e+07     3.09201550e+02     1.21614605e+02     3.57688286e+04     2.65148314e-01   
    3.44000000e+04     3.44000000e+01    -4.87438622e+07     5.81392500e+05    -4.80883652e+07     2.97527067e+02     4.36817423e+01     3.49869533e+04     2.71073749e-01   
    3.45000000e+04     3.45000000e+01    -4.87334047e+07     5.81392500e+05    -4.80861964e+07     3.00502782e+02    -9.66339095e+02     3.53148780e+04     2.68556629e-01   
    3.46000000e+04     3.46000000e+01    -4.87409559e+07     5.81392500e+05    -4.80844082e+07     2.99775989e+02    -2.16650899e+02     3.53746563e+04     2.68102805e-01   
    3.47000000e+04     3.47000000e+01    -4.87135119e+07     5.81392500e+05    -4.80798382e+07     2.95579117e+02    -2.80064725e+02     3.58899037e+04     2.64253832e-01   
    3.48000000e+04     3.48000000e+01    -4.87501063e+07     5.81392500e+05    -4.80802995e+07     2.99263038e+02     8.38001363e+01     3.58549902e+04     2.64511147e-01   
    3.49000000e+04     3.49000000e+01    -4.87401799e+07     5.81392500e+05    -4.80789293e+07     2.92445019e+02    -3.77774745e+01     3.61585022e+04     2.62290858e-01   
    3.50000000e+04     3.50000000e+01    -4.87490838e+07     5.81392500e+05    -4.80770368e+07     3.00483549e+02    -7.91107751e+01     3.60078140e+04     2.63388513e-01   
    3.51000000e+04     3.51000000e+01    -4.87568070e+07     5.81392500e+05    -4.80727783e+07     2.97788167e+02     6.00653830e+02     3.58988911e+04     2.64187676e-01   
    3.52000000e+04     3.52000000e+01    -4.87735596e+07     5.81392500e+05    -4.80696191e+07     3.01578936e+02    -3.42309716e+02     3.54848054e+04     2.67270582e-01   
    3.53000000e+04     3.53000000e+01    -4.87542883e+07     5.81392500e+05    -4.80686291e+07     2.97280135e+02    -1.07048262e+03     3.55815448e+04     2.66543924e-01   
    3.54000000e+04     3.54000000e+01    -4.87515075e+07     5.81392500e+05    -4.80683146e+07     3.00918969e+02     3.48954468e+02     3.58213525e+04     2.64759534e-01   
    3.55000000e+04     3.55000000e+01    -4.87050806e+07     5.81392500e+05    -4.80635781e+07     3.11085215e+02    -5.08485600e+02     3.56907739e+04     2.65728186e-01   
    3.56000000e+04     3.56000000e+01    -4.87459347e+07     5.81392500e+05    -4.80600433e+07     3.00536831e+02    -4.39310368e+02     3.60958439e+04     2.62746166e-01   
    3.57000000e+04     3.57000000e+01    -4.87340597e+07     5.81392500e+05    -4.80568534e+07     3.03281878e+02    -3.44994565e+02     3.61511637e+04     2.62344102e-01   
    3.58000000e+04     3.58000000e+01    -4.87532343e+07     5.81392500e+05    -4.80535301e+07     2.96786917e+02    -3.62478619e+02     3.64670330e+04     2.60071736e-01   
    3.59000000e+04     3.59000000e+01    -4.87465346e+07     5.81392500e+05    -4.80503348e+07     2.94055879e+02    -5.21954725e+02     3.67118930e+04     2.58337116e-01   
    3.60000000e+04     3.60000000e+01    -4.87367011e+07     5.81392500e+05    -4.80500632e+07     3.01706952e+02    -5.22432321e+02     3.68281949e+04     2.57521299e-01   
    3.61000000e+04     3.61000000e+01    -4.87477413e+07     5.81392500e+05    -4.80474079e+07     2.97584216e+02    -7.17959266e+01     3.63467146e+04     2.60932651e-01   
    3.62000000e+04     3.62000000e+01    -4.87706261e+07     5.81392500e+05    -4.80473347e+07     3.01226590e+02    -9.44125736e+02     3.59239058e+04     2.64003715e-01   
    3.63000000e+04     3.63000000e+01    -4.87481551e+07     5.81392500e+05    -4.80455627e+07     2.77064267e+02    -1.57205148e+02     3.61800070e+04     2.62134958e-01   
    3.64000000e+04     3.64000000e+01    -4.87209194e+07     5.81392500e+05    -4.80420923e+07     2.80124319e+02    -5.76096373e+01     3.61158679e+04     2.62600489e-01   
    3.65000000e+04     3.65000000e+01    -4.87405077e+07     5.81392500e+05    -4.80409821e+07     2.97175467e+02     1.62794421e+02     3.55365979e+04     2.66881051e-01   
    3.66000000e+04     3.66000000e+01    -4.87325015e+07     5.81392500e+05    -4.80384561e+07     3.05655537e+02    -3.84150565e+01     3.48892550e+04     2.71832820e-01   
    3.67000000e+04     3.67000000e+01    -4.87408098e+07     5.81392500e+05    -4.80378121e+07     3.00310612e+02    -6.30293531e+01     3.54496039e+04     2.67535982e-01   
    3.68000000e+04     3.68000000e+01    -4.87327991e+07     5.81392500e+05    -4.80362389e+07     2.92289274e+02    -2.73622764e+02     3.51842975e+04     2.69553331e-01   
    3.69000000e+04     3.69000000e+01    -4.87642210e+07     5.81392500e+05    -4.80355644e+07     2.97035349e+02     8.84253445e+02     3.45336970e+04     2.74631603e-01   
    3.70000000e+04     3.70000000e+01    -4.87343101e+07     5.81392500e+05    -4.80294875e+07     2.97013554e+02     1.27620140e+03     3.46802205e+04     2.73471288e-01   
    3.71000000e+04     3.71000000e+01    -4.87554698e+07     5.81392500e+05    -4.80275672e+07     3.02175205e+02     2.65240738e+02     3.45848217e+04     2.74225632e-01   
    3.72000000e+04     3.72000000e+01    -4.87618707e+07     5.81392500e+05    -4.80248438e+07     2.94577840e+02     1.82198500e+02     3.45390323e+04     2.74589181e-01   
    3.73000000e+04     3.73000000e+01    -4.87405508e+07     5.81392500e+05    -4.80224867e+07     3.03551434e+02     1.40056671e+02     3.46090260e+04     2.74033849e-01   
    3.74000000e+04     3.74000000e+01    -4.87340967e+07     5.81392500e+05    -4.80199442e+07     2.84627006e+02    -1.99761089e+03     3.45567062e+04     2.74448743e-01   
    3.75000000e+04     3.75000000e+01    -4.87356173e+07     5.81392500e+05    -4.80200548e+07     3.03585189e+02    -1.22309090e+02     3.49782174e+04     2.71141450e-01   
    3.76000000e+04     3.76000000e+01    -4.87504842e+07     5.81392500e+05    -4.80170303e+07     2.89626324e+02     1.10637922e+02     3.47492253e+04     2.72928231e-01   
    3.77000000e+04     3.77000000e+01    -4.87437626e+07     5.81392500e+05    -4.80150494e+07     2.98676267e+02    -9.47955703e+02     3.52315324e+04     2.69191941e-01   
    3.78000000e+04     3.78000000e+01    -4.87397737e+07     5.81392500e+05    -4.80145080e+07     2.99240276e+02     2.15075248e+02     3.51133693e+04     2.70097822e-01   
    3.79000000e+04     3.79000000e+01    -4.87509710e+07     5.81392500e+05    -4.80150776e+07     2.90156741e+02    -6.15582033e+02     3.49800226e+04     2.71127457e-01   
    3.80000000e+04     3.80000000e+01    -4.87486544e+07     5.81392500e+05    -4.80122960e+07     2.96643339e+02     2.88447784e+02     3.44690840e+04     2.75146406e-01   
    3.81000000e+04     3.81000000e+01    -4.87474326e+07     5.81392500e+05    -4.80103701e+07     2.93328950e+02    -1.53280953e+03     3.45228936e+04     2.74717546e-01   
    3.82000000e+04     3.82000000e+01    -4.87306668e+07     5.81392500e+05    -4.80078019e+07     2.94705484e+02    -1.87710115e+02     3.45297245e+04     2.74663199e-01   
    3.83000000e+04     3.83000000e+01    -4.87411527e+07     5.81392500e+05    -4.80048854e+07     3.04055953e+02     1.95415386e+02     3.44455432e+04     2.75334447e-01   
    3.84000000e+04     3.84000000e+01    -4.87525641e+07     5.81392500e+05    -4.80008734e+07     3.00078520e+02     7.47640562e+01     3.47049178e+04     2.73276676e-01   
    3.85000000e+04     3.85000000e+01    -4.87474757e+07     5.81392500e+05    -4.80000322e+07     2.88075899e+02    -2.33148159e+02     3.45777669e+04     2.74281582e-01   
    3.86000000e+04     3.86000000e+01    -4.87035533e+07     5.81392500e+05    -4.79964359e+07     2.89868465e+02     6.96939959e+01     3.48443928e+04     2.72182806e-01   
    3.87000000e+04     3.87000000e+01    -4.87419867e+07     5.81392500e+05    -4.79942463e+07     2.96010829e+02     4.38433435e+02     3.48727735e+04     2.71961293e-01   
    3.88000000e+04     3.88000000e+01    -4.87682798e+07     5.81392500e+05    -4.79918765e+07     2.91613601e+02     8.13208571e+02     3.51994205e+04     2.69437521e-01   
    3.89000000e+04     3.89000000e+01    -4.87489813e+07     5.81392500e+05    -4.79905528e+07     3.07091753e+02    -3.03130927e+02     3.53206760e+04     2.68512544e-01   
    3.90000000e+04     3.90000000e+01    -4.87421284e+07     5.81392500e+05    -4.79886762e+07     2.89232719e+02     2.16967552e-01     3.48163059e+04     2.72402380e-01   
    3.91000000e+04     3.91000000e+01    -4.87214613e+07     5.81392500e+05    -4.79842560e+07     2.89957825e+02    -4.57328386e+02     3.47241644e+04     2.73125207e-01   
    3.92000000e+04     3.92000000e+01    -4.87259534e+07     5.81392500e+05    -4.79852896e+07     2.96473569e+02    -4.67504827e+02     3.46388863e+04     2.73797618e-01   
    3.93000000e+04     3.93000000e+01    -4.87450302e+07     5.81392500e+05    -4.79821111e+07     2.93004643e+02     4.55835915e+02     3.43242236e+04     2.76307621e-01   
    3.94000000e+04     3.94000000e+01    -4.87520078e+07     5.81392500e+05    -4.79805121e+07     3.04773620e+02    -6.67435339e+02     3.46868748e+04     2.73418826e-01   
    3.95000000e+04     3.95000000e+01    -4.87447349e+07     5.81392500e+05    -4.79784588e+07     2.97806424e+02    -1.07682805e+03     3.43855442e+04     2.75814875e-01   
    3.96000000e+04     3.96000000e+01    -4.87404086e+07     5.81392500e+05    -4.79758908e+07     3.04255492e+02     3.50884522e+02     3.39280091e+04     2.79534369e-01   
    3.97000000e+04     3.97000000e+01    -4.87467828e+07     5.81392500e+05    -4.79742467e+07     2.99405601e+02    -1.85416800e+02     3.43784355e+04     2.75871908e-01   
    3.98000000e+04     3.98000000e+01    -4.87305053e+07     5.81392500e+05    -4.79708584e+07     3.05885342e+02     1.16294352e+03     3.46070312e+04     2.74049644e-01   
    3.99000000e+04     3.99000000e+01    -4.87605668e+07     5.81392500e+05    -4.79715866e+07     2.96032228e+02     1.19565807e+03     3.44391741e+04     2.75385367e-01   
    4.00000000e+04     4.00000000e+01    -4.87348725e+07     5.81392500e+05    -4.79693095e+07     3.08302808e+02     7.36665088e+02     3.41864093e+04     2.77421490e-01   
    4.01000000e+04     4.01000000e+01    -4.87501034e+07     5.81392500e+05    -4.79672830e+07     3.00295942e+02     5.12651923e+02     3.38584366e+04     2.80108757e-01   
    4.02000000e+04     4.02000000e+01    -4.87418923e+07     5.81392500e+05    -4.79655269e+07     3.07807581e+02    -7.26201269e+01     3.36886507e+04     2.81520464e-01   
    4.03000000e+04     4.03000000e+01    -4.87362168e+07     5.81392500e+05    -4.79653903e+07     3.05538414e+02    -8.47671763e+02     3.37112848e+04     2.81331448e-01   
    4.04000000e+04     4.04000000e+01    -4.87563011e+07     5.81392500e+05    -4.79641889e+07     2.96339135e+02    -8.75035848e+02     3.38853581e+04     2.79886214e-01   
    4.05000000e+04     4.05000000e+01    -4.87604358e+07     5.81392500e+05    -4.79616460e+07     2.93294393e+02    -4.83607752e+02     3.36663855e+04     2.81706647e-01   
    4.06000000e+04     4.06000000e+01    -4.87550941e+07     5.81392500e+05    -4.79606148e+07     2.85744375e+02    -4.46546393e+02     3.39451107e+04     2.79393539e-01   
    4.07000000e+04     4.07000000e+01    -4.87360796e+07     5.81392500e+05    -4.79603380e+07     3.04375626e+02     4.37443277e+02     3.45730351e+04     2.74319120e-01   
    4.08000000e+04     4.08000000e+01    -4.87508878e+07     5.81392500e+05    -4.79577560e+07     2.96427904e+02     9.48800283e+02     3.47549598e+04     2.72883198e-01   
    4.09000000e+04     4.09000000e+01    -4.87421319e+07     5.81392500e+05    -4.79577685e+07     2.98448592e+02     4.42354771e+02     3.52038500e+04     2.69403618e-01   
    4.10000000e+04     4.10000000e+01    -4.87317338e+07     5.81392500e+05    -4.79528212e+07     3.10732595e+02    -5.17931107e+02     3.48715464e+04     2.71970864e-01   
    4.11000000e+04     4.11000000e+01    -4.87572310e+07     5.81392500e+05    -4.79551638e+07     2.91410597e+02    -1.90509960e+02     3.43310878e+04     2.76252376e-01   
    4.12000000e+04     4.12000000e+01    -4.87173061e+07     5.81392500e+05    -4.79541738e+07     2.99262148e+02    -1.00447530e+03     3.47395849e+04     2.73003970e-01   
    4.13000000e+04     4.13000000e+01    -4.87201449e+07     5.81392500e+05    -4.79523971e+07     3.06261938e+02     5.56745427e+02     3.42835309e+04     2.76635584e-01   
    4.14000000e+04     4.14000000e+01    -4.87599098e+07     5.81392500e+05    -4.79517809e+07     2.94365722e+02    -9.36996825e+02     3.43203192e+04     2.76339055e-01   
    4.15000000e+04     4.15000000e+01    -4.87447910e+07     5.81392500e+05    -4.79490300e+07     2.97191074e+02    -9.52458740e+02     3.48058974e+04     2.72483840e-01   
    4.16000000e+04     4.16000000e+01    -4.87332697e+07     5.81392500e+05    -4.79475785e+07     3.12796783e+02    -2.90910838e+01     3.44814487e+04     2.75047741e-01   
