Batch  1:  2000 points

Sites
C00           1.902954    1.889726    0.013228
*** Warning: type C5 was not defined

O01          -0.835259    1.887836   -0.013228
*** Warning: type O3 was not defined

C02          -1.853821    1.887836    2.322473
*** Warning: type C4 was not defined

O03          -0.691640    1.887836    4.316134
*** Warning: type O2 was not defined

O04          -4.387944    1.885947    2.056022
C05          -5.714531    1.884057    4.450305
H06           2.450975    1.891616   -1.982323
*** Warning: type H1 was not defined

H07           2.611601    0.194642    0.975099
H08           2.609712    3.586700    0.978878
H09          -7.721420    1.880277    3.943858
H10          -5.226982    3.581031    5.542566
H11          -5.223203    0.187083    5.542566

Polarizability parameters
                  Sites       Components  Coefficient
  1  C00_1_iso_A
                C05     C05     10   10      1.000
                C05     C05     11c  11c     1.000
                C05     C05     11s  11s     1.000
                C00     C00     11s  11s     1.000
                C00     C00     11c  11c     1.000
                C00     C00     10   10      1.000
  2  C00_2_iso_A
                C05     C05     20   20      1.000
                C05     C05     21c  21c     1.000
                C05     C05     21s  21s     1.000
                C05     C05     22c  22c     1.000
                C05     C05     22s  22s     1.000
                C00     C00     22s  22s     1.000
                C00     C00     22c  22c     1.000
                C00     C00     21s  21s     1.000
                C00     C00     21c  21c     1.000
                C00     C00     20   20      1.000
  3  O01_1_iso_A
                O04     O04     10   10      1.000
                O04     O04     11c  11c     1.000
                O04     O04     11s  11s     1.000
                O01     O01     11s  11s     1.000
                O01     O01     11c  11c     1.000
                O01     O01     10   10      1.000
  4  O01_2_iso_A
                O04     O04     20   20      1.000
                O04     O04     21c  21c     1.000
                O04     O04     21s  21s     1.000
                O04     O04     22c  22c     1.000
                O04     O04     22s  22s     1.000
                O01     O01     22s  22s     1.000
                O01     O01     22c  22c     1.000
                O01     O01     21s  21s     1.000
                O01     O01     21c  21c     1.000
                O01     O01     20   20      1.000
  5  C02_1_iso_A
                C02     C02     11s  11s     1.000
                C02     C02     11c  11c     1.000
                C02     C02     10   10      1.000
  6  C02_2_iso_A
                C02     C02     22s  22s     1.000
                C02     C02     22c  22c     1.000
                C02     C02     21s  21s     1.000
                C02     C02     21c  21c     1.000
                C02     C02     20   20      1.000
  7  O03_1_iso_A
                O03     O03     11s  11s     1.000
                O03     O03     11c  11c     1.000
                O03     O03     10   10      1.000
  8  O03_2_iso_A
                O03     O03     22s  22s     1.000
                O03     O03     22c  22c     1.000
                O03     O03     21s  21s     1.000
                O03     O03     21c  21c     1.000
                O03     O03     20   20      1.000
  9  H06_1_iso_A
                H11     H11     10   10      1.000
                H11     H11     11c  11c     1.000
                H11     H11     11s  11s     1.000
                H10     H10     10   10      1.000
                H10     H10     11c  11c     1.000
                H10     H10     11s  11s     1.000
                H09     H09     10   10      1.000
                H09     H09     11c  11c     1.000
                H09     H09     11s  11s     1.000
                H08     H08     10   10      1.000
                H08     H08     11c  11c     1.000
                H08     H08     11s  11s     1.000
                H07     H07     10   10      1.000
                H07     H07     11c  11c     1.000
                H07     H07     11s  11s     1.000
                H06     H06     11s  11s     1.000
                H06     H06     11c  11c     1.000
                H06     H06     10   10      1.000
 10  H06_2_iso_A
                H11     H11     20   20      1.000
                H11     H11     21c  21c     1.000
                H11     H11     21s  21s     1.000
                H11     H11     22c  22c     1.000
                H11     H11     22s  22s     1.000
                H10     H10     20   20      1.000
                H10     H10     21c  21c     1.000
                H10     H10     21s  21s     1.000
                H10     H10     22c  22c     1.000
                H10     H10     22s  22s     1.000
                H09     H09     20   20      1.000
                H09     H09     21c  21c     1.000
                H09     H09     21s  21s     1.000
                H09     H09     22c  22c     1.000
                H09     H09     22s  22s     1.000
                H08     H08     20   20      1.000
                H08     H08     21c  21c     1.000
                H08     H08     21s  21s     1.000
                H08     H08     22c  22c     1.000
                H08     H08     22s  22s     1.000
                H07     H07     20   20      1.000
                H07     H07     21c  21c     1.000
                H07     H07     21s  21s     1.000
                H07     H07     22c  22c     1.000
                H07     H07     22s  22s     1.000
                H06     H06     22s  22s     1.000
                H06     H06     22c  22c     1.000
                H06     H06     21s  21s     1.000
                H06     H06     21c  21c     1.000
                H06     H06     20   20      1.000
Reading penalties


Static polarizabilities

Response values:
Maximum          0.0200977923
Minimum         -0.0085494921
Range            0.0286472843
Min. magnitude   0.0000000011

Parameter values: 
  1            7.10338242     C00_1_iso_A
  2           33.77005870     C00_2_iso_A
  3            5.71472405     O01_1_iso_A
  4           20.94882009     O01_2_iso_A
  5            2.97925662     C02_1_iso_A
  6           24.93023564     C02_2_iso_A
  7            8.13245431     O03_1_iso_A
  8           21.79291556     O03_2_iso_A
  9            1.91390052     H06_1_iso_A
 10            3.49288105     H06_2_iso_A
Residuals               per cent of range
Maximum      0.00414937      14.484
Minimum     -0.00402035     -14.034
R.m.s.       0.00037229       1.300
Sum of squared residuals =         0.27734

Parameter                Fitted      Anchor    Difference   Penalty
C00_1_iso_A              7.10338     7.17051    -0.06713    8.59656E-08
C00_2_iso_A             33.77006    48.14507   -14.37501    8.91098E-05
O01_1_iso_A              5.71472     6.63902    -0.92430    1.89528E-05
O01_2_iso_A             20.94882    31.91903   -10.97021    1.18006E-04
C02_1_iso_A              2.97926     6.33631    -3.35706    2.73879E-04
C02_2_iso_A             24.93024    31.27224    -6.34200    4.10857E-05
O03_1_iso_A              8.13245     5.51463     2.61783    2.18172E-04
O03_2_iso_A             21.79292    24.96907    -3.17616    1.61549E-05
H06_1_iso_A              1.91390     2.08431    -0.17041    5.43363E-06
H06_2_iso_A              3.49288     3.62092    -0.12804    1.16184E-06

Sum of penalties =     7.82042E-04
Writing ASCII file input_ref_wt3_L2iso_000.pol
Done

Total molecular polarizability
      00          z           x           y           20          21c         21s         22c         22s
     0.00000     0.00000     0.00000     0.00000     0.00000     0.00000     0.00000     0.00000     0.00000
     0.00000    48.23133     0.00000     0.00000   228.21987  -152.70910   157.64741     0.00000     0.00000
     0.00000     0.00000    48.23133     0.00000    88.16664   197.64420     0.00000  -152.70910   157.64741
     0.00000     0.00000     0.00000    48.23133   -91.01778     0.00000   197.64420  -157.64741  -152.70910
     0.00000   228.21987    88.16664   -91.01778  2976.73507  -758.18921   372.65187  -776.37674   575.05087
     0.00000  -152.70910   197.64420     0.00000  -758.18921  3576.06563  -498.00866 -1313.22223   645.45197
     0.00000   157.64741     0.00000   197.64420   372.65187  -498.00866  2231.34167  -645.45197 -1313.22223
     0.00000     0.00000  -152.70910  -157.64741  -776.37674 -1313.22223  -645.45197  2684.60938    -0.00000
     0.00000     0.00000   157.64741  -152.70910   575.05087   645.45197 -1313.22223     0.00000  2684.60938
Mean polarizability       =  48.23133
Polarizability anisotropy =   0.00000
Finished
